mode: atomic
github.com/stellar/go/services/horizon/internal/ledger/ledger_source.go:30.73,36.2 1 0
github.com/stellar/go/services/horizon/internal/ledger/ledger_source.go:39.55,41.2 1 1
github.com/stellar/go/services/horizon/internal/ledger/ledger_source.go:44.79,49.12 2 1
github.com/stellar/go/services/horizon/internal/ledger/ledger_source.go:70.2,70.19 1 1
github.com/stellar/go/services/horizon/internal/ledger/ledger_source.go:49.12,50.7 1 1
github.com/stellar/go/services/horizon/internal/ledger/ledger_source.go:50.7,51.34 1 1
github.com/stellar/go/services/horizon/internal/ledger/ledger_source.go:55.4,58.14 4 1
github.com/stellar/go/services/horizon/internal/ledger/ledger_source.go:62.4,63.61 2 1
github.com/stellar/go/services/horizon/internal/ledger/ledger_source.go:51.34,53.5 1 0
github.com/stellar/go/services/horizon/internal/ledger/ledger_source.go:58.14,60.5 1 0
github.com/stellar/go/services/horizon/internal/ledger/ledger_source.go:63.61,66.5 2 1
github.com/stellar/go/services/horizon/internal/ledger/ledger_source.go:74.40,78.2 3 0
github.com/stellar/go/services/horizon/internal/ledger/ledger_source.go:89.60,95.2 1 0
github.com/stellar/go/services/horizon/internal/ledger/ledger_source.go:98.53,102.2 3 0
github.com/stellar/go/services/horizon/internal/ledger/ledger_source.go:106.61,108.2 1 0
github.com/stellar/go/services/horizon/internal/ledger/ledger_source.go:111.77,114.12 2 0
github.com/stellar/go/services/horizon/internal/ledger/ledger_source.go:127.2,127.17 1 0
github.com/stellar/go/services/horizon/internal/ledger/ledger_source.go:114.12,115.7 1 0
github.com/stellar/go/services/horizon/internal/ledger/ledger_source.go:115.7,117.41 2 0
github.com/stellar/go/services/horizon/internal/ledger/ledger_source.go:117.41,123.5 5 0
github.com/stellar/go/services/horizon/internal/ledger/ledger_source.go:130.39,130.40 0 0
github.com/stellar/go/services/horizon/internal/ledger/main.go:22.27,27.2 4 0
github.com/stellar/go/services/horizon/internal/ledger/main.go:30.27,34.2 3 0
github.com/stellar/go/address/main.go:35.38,37.2 1 3
github.com/stellar/go/address/main.go:41.61,44.21 2 5
github.com/stellar/go/address/main.go:49.2,52.16 3 4
github.com/stellar/go/address/main.go:57.2,57.36 1 3
github.com/stellar/go/address/main.go:62.2,62.8 1 1
github.com/stellar/go/address/main.go:44.21,47.3 2 1
github.com/stellar/go/address/main.go:52.16,55.3 2 1
github.com/stellar/go/address/main.go:57.36,60.3 2 2
github.com/stellar/go/exp/support/jwtkey/jwtkey.go:20.47,22.16 2 1
github.com/stellar/go/exp/support/jwtkey/jwtkey.go:25.2,25.15 1 1
github.com/stellar/go/exp/support/jwtkey/jwtkey.go:22.16,24.3 1 0
github.com/stellar/go/exp/services/recoverysigner/internal/db/dbtest/dbtest.go:12.53,18.20 3 1
github.com/stellar/go/exp/services/recoverysigner/internal/db/dbtest/dbtest.go:22.2,22.11 1 0
github.com/stellar/go/exp/services/recoverysigner/internal/db/dbtest/dbtest.go:18.20,20.3 1 0
github.com/stellar/go/exp/services/recoverysigner/internal/db/dbtest/dbtest.go:25.36,43.16 8 1
github.com/stellar/go/exp/services/recoverysigner/internal/db/dbtest/dbtest.go:46.2,46.11 1 0
github.com/stellar/go/exp/services/recoverysigner/internal/db/dbtest/dbtest.go:43.16,45.3 1 0
github.com/stellar/go/exp/services/recoverysigner/internal/db/db.go:7.52,9.2 1 1
github.com/stellar/go/exp/services/recoverysigner/internal/account/db_store_add.go:5.40,7.16 2 0
github.com/stellar/go/exp/services/recoverysigner/internal/account/db_store_add.go:10.2,18.16 4 0
github.com/stellar/go/exp/services/recoverysigner/internal/account/db_store_add.go:27.2,27.33 1 0
github.com/stellar/go/exp/services/recoverysigner/internal/account/db_store_add.go:49.2,50.16 2 0
github.com/stellar/go/exp/services/recoverysigner/internal/account/db_store_add.go:54.2,54.12 1 0
github.com/stellar/go/exp/services/recoverysigner/internal/account/db_store_add.go:7.16,9.3 1 0
github.com/stellar/go/exp/services/recoverysigner/internal/account/db_store_add.go:18.16,21.64 1 0
github.com/stellar/go/exp/services/recoverysigner/internal/account/db_store_add.go:24.3,24.13 1 0
github.com/stellar/go/exp/services/recoverysigner/internal/account/db_store_add.go:21.64,23.4 1 0
github.com/stellar/go/exp/services/recoverysigner/internal/account/db_store_add.go:27.33,34.17 3 0
github.com/stellar/go/exp/services/recoverysigner/internal/account/db_store_add.go:38.3,38.35 1 0
github.com/stellar/go/exp/services/recoverysigner/internal/account/db_store_add.go:34.17,36.4 1 0
github.com/stellar/go/exp/services/recoverysigner/internal/account/db_store_add.go:38.35,43.18 2 0
github.com/stellar/go/exp/services/recoverysigner/internal/account/db_store_add.go:43.18,45.5 1 0
github.com/stellar/go/exp/services/recoverysigner/internal/account/db_store_add.go:50.16,52.3 1 0
github.com/stellar/go/exp/services/recoverysigner/internal/account/db_store_count.go:3.40,6.16 3 0
github.com/stellar/go/exp/services/recoverysigner/internal/account/db_store_count.go:9.2,9.19 1 0
github.com/stellar/go/exp/services/recoverysigner/internal/account/db_store_count.go:6.16,8.3 1 0
github.com/stellar/go/exp/services/recoverysigner/internal/account/db_store_delete.go:3.48,10.16 2 0
github.com/stellar/go/exp/services/recoverysigner/internal/account/db_store_delete.go:13.2,14.16 2 0
github.com/stellar/go/exp/services/recoverysigner/internal/account/db_store_delete.go:17.2,17.23 1 0
github.com/stellar/go/exp/services/recoverysigner/internal/account/db_store_delete.go:21.2,21.12 1 0
github.com/stellar/go/exp/services/recoverysigner/internal/account/db_store_delete.go:10.16,12.3 1 0
github.com/stellar/go/exp/services/recoverysigner/internal/account/db_store_delete.go:14.16,16.3 1 0
github.com/stellar/go/exp/services/recoverysigner/internal/account/db_store_delete.go:17.23,19.3 1 0
github.com/stellar/go/exp/services/recoverysigner/internal/account/db_store_get.go:3.56,5.16 2 0
github.com/stellar/go/exp/services/recoverysigner/internal/account/db_store_get.go:12.2,12.24 1 0
github.com/stellar/go/exp/services/recoverysigner/internal/account/db_store_get.go:16.2,16.25 1 0
github.com/stellar/go/exp/services/recoverysigner/internal/account/db_store_get.go:5.16,7.3 1 0
github.com/stellar/go/exp/services/recoverysigner/internal/account/db_store_get.go:12.24,14.3 1 0
github.com/stellar/go/exp/services/recoverysigner/internal/account/db_store_get.go:19.85,34.16 3 0
github.com/stellar/go/exp/services/recoverysigner/internal/account/db_store_get.go:38.2,42.18 4 0
github.com/stellar/go/exp/services/recoverysigner/internal/account/db_store_get.go:100.2,100.22 1 0
github.com/stellar/go/exp/services/recoverysigner/internal/account/db_store_get.go:34.16,36.3 1 0
github.com/stellar/go/exp/services/recoverysigner/internal/account/db_store_get.go:42.18,52.17 3 0
github.com/stellar/go/exp/services/recoverysigner/internal/account/db_store_get.go:56.3,57.10 2 0
github.com/stellar/go/exp/services/recoverysigner/internal/account/db_store_get.go:63.3,67.51 2 0
github.com/stellar/go/exp/services/recoverysigner/internal/account/db_store_get.go:97.3,97.29 1 0
github.com/stellar/go/exp/services/recoverysigner/internal/account/db_store_get.go:52.17,54.4 1 0
github.com/stellar/go/exp/services/recoverysigner/internal/account/db_store_get.go:57.10,62.4 4 0
github.com/stellar/go/exp/services/recoverysigner/internal/account/db_store_get.go:67.51,72.11 4 0
github.com/stellar/go/exp/services/recoverysigner/internal/account/db_store_get.go:78.4,83.59 2 0
github.com/stellar/go/exp/services/recoverysigner/internal/account/db_store_get.go:94.4,94.35 1 0
github.com/stellar/go/exp/services/recoverysigner/internal/account/db_store_get.go:72.11,77.5 4 0
github.com/stellar/go/exp/services/recoverysigner/internal/account/db_store_get.go:83.59,92.5 4 0
github.com/stellar/go/exp/services/recoverysigner/internal/account/db_store_update.go:9.43,11.16 2 0
github.com/stellar/go/exp/services/recoverysigner/internal/account/db_store_update.go:14.2,28.26 4 0
github.com/stellar/go/exp/services/recoverysigner/internal/account/db_store_update.go:31.2,31.16 1 0
github.com/stellar/go/exp/services/recoverysigner/internal/account/db_store_update.go:35.2,35.33 1 0
github.com/stellar/go/exp/services/recoverysigner/internal/account/db_store_update.go:56.2,57.16 2 0
github.com/stellar/go/exp/services/recoverysigner/internal/account/db_store_update.go:61.2,61.12 1 0
github.com/stellar/go/exp/services/recoverysigner/internal/account/db_store_update.go:11.16,13.3 1 0
github.com/stellar/go/exp/services/recoverysigner/internal/account/db_store_update.go:28.26,30.3 1 0
github.com/stellar/go/exp/services/recoverysigner/internal/account/db_store_update.go:31.16,33.3 1 0
github.com/stellar/go/exp/services/recoverysigner/internal/account/db_store_update.go:35.33,37.35 2 0
github.com/stellar/go/exp/services/recoverysigner/internal/account/db_store_update.go:41.3,51.17 2 0
github.com/stellar/go/exp/services/recoverysigner/internal/account/db_store_update.go:37.35,40.4 2 0
github.com/stellar/go/exp/services/recoverysigner/internal/account/db_store_update.go:51.17,53.4 1 0
github.com/stellar/go/exp/services/recoverysigner/internal/account/db_store_update.go:57.16,59.3 1 0
github.com/stellar/go/exp/services/recoverysigner/internal/account/account.go:15.38,17.2 1 0
github.com/stellar/go/exp/services/recoverysigner/internal/account/db_store_find_with_identity.go:5.97,12.16 4 0
github.com/stellar/go/exp/services/recoverysigner/internal/account/db_store_find_with_identity.go:16.2,20.16 2 0
github.com/stellar/go/exp/services/recoverysigner/internal/account/db_store_find_with_identity.go:24.2,24.22 1 0
github.com/stellar/go/exp/services/recoverysigner/internal/account/db_store_find_with_identity.go:12.16,14.3 1 0
github.com/stellar/go/exp/services/recoverysigner/internal/account/db_store_find_with_identity.go:20.16,22.3 1 0
github.com/stellar/go/exp/services/recoverysigner/internal/account/db_store_find_with_identity.go:27.78,29.2 1 0
github.com/stellar/go/exp/services/recoverysigner/internal/account/db_store_find_with_identity.go:31.74,33.2 1 0
github.com/stellar/go/exp/services/recoverysigner/internal/account/db_store_find_with_identity.go:35.86,37.2 1 0
github.com/stellar/go/exp/support/pipeline/pipeline.go:12.49,14.2 1 9
github.com/stellar/go/exp/support/pipeline/pipeline.go:16.46,20.2 1 9
github.com/stellar/go/exp/support/pipeline/pipeline.go:22.34,24.2 1 0
github.com/stellar/go/exp/support/pipeline/pipeline.go:28.94,30.2 1 1
github.com/stellar/go/exp/support/pipeline/pipeline.go:35.83,37.2 1 4
github.com/stellar/go/exp/support/pipeline/pipeline.go:39.67,43.26 3 0
github.com/stellar/go/exp/support/pipeline/pipeline.go:47.2,48.42 2 0
github.com/stellar/go/exp/support/pipeline/pipeline.go:52.2,63.38 2 0
github.com/stellar/go/exp/support/pipeline/pipeline.go:43.26,45.3 1 0
github.com/stellar/go/exp/support/pipeline/pipeline.go:48.42,50.3 1 0
github.com/stellar/go/exp/support/pipeline/pipeline.go:63.38,65.3 1 0
github.com/stellar/go/exp/support/pipeline/pipeline.go:68.57,70.2 1 0
github.com/stellar/go/exp/support/pipeline/pipeline.go:73.54,74.16 1 22
github.com/stellar/go/exp/support/pipeline/pipeline.go:84.2,85.12 2 20
github.com/stellar/go/exp/support/pipeline/pipeline.go:74.16,75.16 1 12
github.com/stellar/go/exp/support/pipeline/pipeline.go:79.3,79.17 1 11
github.com/stellar/go/exp/support/pipeline/pipeline.go:75.16,76.60 1 1
github.com/stellar/go/exp/support/pipeline/pipeline.go:79.17,81.4 1 1
github.com/stellar/go/exp/support/pipeline/pipeline.go:89.37,94.2 3 0
github.com/stellar/go/exp/support/pipeline/pipeline.go:97.28,100.2 2 10
github.com/stellar/go/exp/support/pipeline/pipeline.go:102.89,105.44 2 10
github.com/stellar/go/exp/support/pipeline/pipeline.go:112.2,112.17 1 10
github.com/stellar/go/exp/support/pipeline/pipeline.go:105.44,107.17 2 1
github.com/stellar/go/exp/support/pipeline/pipeline.go:107.17,109.4 1 0
github.com/stellar/go/exp/support/pipeline/pipeline.go:115.94,116.45 1 10
github.com/stellar/go/exp/support/pipeline/pipeline.go:123.2,123.12 1 9
github.com/stellar/go/exp/support/pipeline/pipeline.go:116.45,118.17 2 4
github.com/stellar/go/exp/support/pipeline/pipeline.go:118.17,120.4 1 1
github.com/stellar/go/exp/support/pipeline/pipeline.go:128.50,130.38 2 10
github.com/stellar/go/exp/support/pipeline/pipeline.go:130.38,132.3 1 0
github.com/stellar/go/exp/support/pipeline/pipeline.go:138.56,145.16 5 12
github.com/stellar/go/exp/support/pipeline/pipeline.go:149.2,152.16 3 10
github.com/stellar/go/exp/support/pipeline/pipeline.go:158.2,159.58 2 10
github.com/stellar/go/exp/support/pipeline/pipeline.go:145.16,148.3 2 1
github.com/stellar/go/exp/support/pipeline/pipeline.go:152.16,156.3 3 0
github.com/stellar/go/exp/support/pipeline/pipeline.go:162.120,165.25 2 10
github.com/stellar/go/exp/support/pipeline/pipeline.go:171.2,181.12 5 10
github.com/stellar/go/exp/support/pipeline/pipeline.go:202.2,202.38 1 10
github.com/stellar/go/exp/support/pipeline/pipeline.go:213.2,215.12 2 10
github.com/stellar/go/exp/support/pipeline/pipeline.go:250.2,250.18 1 10
github.com/stellar/go/exp/support/pipeline/pipeline.go:165.25,169.3 1 0
github.com/stellar/go/exp/support/pipeline/pipeline.go:181.12,185.17 3 10
github.com/stellar/go/exp/support/pipeline/pipeline.go:185.17,190.19 3 2
github.com/stellar/go/exp/support/pipeline/pipeline.go:194.4,198.32 4 2
github.com/stellar/go/exp/support/pipeline/pipeline.go:190.19,192.5 1 0
github.com/stellar/go/exp/support/pipeline/pipeline.go:202.38,204.39 2 0
github.com/stellar/go/exp/support/pipeline/pipeline.go:204.39,207.18 3 0
github.com/stellar/go/exp/support/pipeline/pipeline.go:207.18,209.5 1 0
github.com/stellar/go/exp/support/pipeline/pipeline.go:215.12,217.21 2 10
github.com/stellar/go/exp/support/pipeline/pipeline.go:217.21,224.38 4 10
github.com/stellar/go/exp/support/pipeline/pipeline.go:228.4,229.18 2 10
github.com/stellar/go/exp/support/pipeline/pipeline.go:235.4,235.40 1 10
github.com/stellar/go/exp/support/pipeline/pipeline.go:239.4,243.28 4 10
github.com/stellar/go/exp/support/pipeline/pipeline.go:224.38,226.5 1 3
github.com/stellar/go/exp/support/pipeline/pipeline.go:229.18,231.5 1 1
github.com/stellar/go/exp/support/pipeline/pipeline.go:231.10,233.5 1 9
github.com/stellar/go/exp/support/pipeline/pipeline.go:235.40,237.5 1 3
github.com/stellar/go/exp/support/pipeline/pipeline.go:244.9,247.4 1 0
github.com/stellar/go/exp/support/pipeline/pipeline.go:255.31,260.17 3 3
github.com/stellar/go/exp/support/pipeline/pipeline.go:263.2,266.25 3 3
github.com/stellar/go/exp/support/pipeline/pipeline.go:260.17,262.3 1 0
github.com/stellar/go/exp/support/pipeline/pipeline.go:266.25,268.3 1 3
github.com/stellar/go/exp/support/pipeline/pipeline_node.go:3.70,6.2 2 0
github.com/stellar/go/exp/support/pipeline/pipeline_node.go:8.32,16.2 6 10
github.com/stellar/go/exp/support/pipeline/store.go:3.24,5.2 1 1
github.com/stellar/go/exp/support/pipeline/store.go:7.53,10.2 2 2
github.com/stellar/go/exp/support/pipeline/store.go:12.46,15.2 2 2
github.com/stellar/go/exp/support/pipeline/buffered_read_writer.go:15.37,17.2 1 1
github.com/stellar/go/exp/support/pipeline/buffered_read_writer.go:19.38,25.2 4 1
github.com/stellar/go/exp/support/pipeline/buffered_read_writer.go:27.59,29.2 1 0
github.com/stellar/go/exp/support/pipeline/buffered_read_writer.go:31.58,35.10 3 21
github.com/stellar/go/exp/support/pipeline/buffered_read_writer.go:42.2,42.20 1 1
github.com/stellar/go/exp/support/pipeline/buffered_read_writer.go:35.10,40.3 4 20
github.com/stellar/go/exp/support/pipeline/buffered_read_writer.go:45.61,51.14 4 20
github.com/stellar/go/exp/support/pipeline/buffered_read_writer.go:55.2,57.12 3 20
github.com/stellar/go/exp/support/pipeline/buffered_read_writer.go:51.14,53.3 1 0
github.com/stellar/go/exp/support/pipeline/buffered_read_writer.go:60.50,63.2 2 0
github.com/stellar/go/exp/support/pipeline/buffered_read_writer.go:73.44,77.2 3 1
github.com/stellar/go/exp/support/pipeline/multi_writer.go:9.54,16.30 5 0
github.com/stellar/go/exp/support/pipeline/multi_writer.go:25.2,26.22 2 0
github.com/stellar/go/exp/support/pipeline/multi_writer.go:39.2,39.40 1 0
github.com/stellar/go/exp/support/pipeline/multi_writer.go:43.2,43.12 1 0
github.com/stellar/go/exp/support/pipeline/multi_writer.go:16.30,17.21 1 0
github.com/stellar/go/exp/support/pipeline/multi_writer.go:17.21,22.4 1 0
github.com/stellar/go/exp/support/pipeline/multi_writer.go:26.22,28.17 2 0
github.com/stellar/go/exp/support/pipeline/multi_writer.go:28.17,29.31 1 0
github.com/stellar/go/exp/support/pipeline/multi_writer.go:29.31,31.5 1 0
github.com/stellar/go/exp/support/pipeline/multi_writer.go:31.10,33.5 1 0
github.com/stellar/go/exp/support/pipeline/multi_writer.go:39.40,41.3 1 0
github.com/stellar/go/exp/support/pipeline/multi_writer.go:46.37,51.22 4 9
github.com/stellar/go/exp/support/pipeline/multi_writer.go:57.2,57.30 1 9
github.com/stellar/go/exp/support/pipeline/multi_writer.go:64.2,64.12 1 9
github.com/stellar/go/exp/support/pipeline/multi_writer.go:51.22,53.3 1 0
github.com/stellar/go/exp/support/pipeline/multi_writer.go:53.8,53.29 1 9
github.com/stellar/go/exp/support/pipeline/multi_writer.go:53.29,55.3 1 0
github.com/stellar/go/exp/support/pipeline/multi_writer.go:57.30,59.17 2 0
github.com/stellar/go/exp/support/pipeline/multi_writer.go:59.17,61.4 1 0
github.com/stellar/go/hash/main.go:9.36,11.2 1 2
github.com/stellar/go/clients/stellarcore/client.go:31.66,38.16 6 0
github.com/stellar/go/clients/stellarcore/client.go:42.2,43.16 2 0
github.com/stellar/go/clients/stellarcore/client.go:46.2,48.58 2 0
github.com/stellar/go/clients/stellarcore/client.go:52.2,52.12 1 0
github.com/stellar/go/clients/stellarcore/client.go:38.16,40.3 1 0
github.com/stellar/go/clients/stellarcore/client.go:43.16,45.3 1 0
github.com/stellar/go/clients/stellarcore/client.go:48.58,50.3 1 0
github.com/stellar/go/clients/stellarcore/client.go:57.82,60.16 2 0
github.com/stellar/go/clients/stellarcore/client.go:65.2,66.16 2 0
github.com/stellar/go/clients/stellarcore/client.go:70.2,72.58 2 0
github.com/stellar/go/clients/stellarcore/client.go:77.2,79.16 2 0
github.com/stellar/go/clients/stellarcore/client.go:84.2,84.8 1 0
github.com/stellar/go/clients/stellarcore/client.go:60.16,63.3 2 0
github.com/stellar/go/clients/stellarcore/client.go:66.16,69.3 2 0
github.com/stellar/go/clients/stellarcore/client.go:72.58,75.3 2 0
github.com/stellar/go/clients/stellarcore/client.go:79.16,82.3 2 0
github.com/stellar/go/clients/stellarcore/client.go:88.80,94.16 2 0
github.com/stellar/go/clients/stellarcore/client.go:98.2,99.16 2 0
github.com/stellar/go/clients/stellarcore/client.go:102.2,105.16 3 0
github.com/stellar/go/clients/stellarcore/client.go:109.2,110.27 2 0
github.com/stellar/go/clients/stellarcore/client.go:114.2,114.12 1 0
github.com/stellar/go/clients/stellarcore/client.go:94.16,96.3 1 0
github.com/stellar/go/clients/stellarcore/client.go:99.16,101.3 1 0
github.com/stellar/go/clients/stellarcore/client.go:105.16,107.3 1 0
github.com/stellar/go/clients/stellarcore/client.go:110.27,112.3 1 0
github.com/stellar/go/clients/stellarcore/client.go:118.110,124.16 4 1
github.com/stellar/go/clients/stellarcore/client.go:129.2,130.16 2 1
github.com/stellar/go/clients/stellarcore/client.go:134.2,138.16 3 1
github.com/stellar/go/clients/stellarcore/client.go:143.2,143.8 1 1
github.com/stellar/go/clients/stellarcore/client.go:124.16,127.3 2 0
github.com/stellar/go/clients/stellarcore/client.go:130.16,133.3 2 0
github.com/stellar/go/clients/stellarcore/client.go:138.16,141.3 2 0
github.com/stellar/go/clients/stellarcore/client.go:148.64,150.6 1 0
github.com/stellar/go/clients/stellarcore/client.go:150.6,153.17 2 0
github.com/stellar/go/clients/stellarcore/client.go:157.3,157.22 1 0
github.com/stellar/go/clients/stellarcore/client.go:162.3,162.10 1 0
github.com/stellar/go/clients/stellarcore/client.go:153.17,155.4 1 0
github.com/stellar/go/clients/stellarcore/client.go:157.22,159.4 1 0
github.com/stellar/go/clients/stellarcore/client.go:163.21,164.33 1 0
github.com/stellar/go/clients/stellarcore/client.go:165.38,166.12 1 0
github.com/stellar/go/clients/stellarcore/client.go:172.63,177.16 3 2
github.com/stellar/go/clients/stellarcore/client.go:182.2,183.16 2 2
github.com/stellar/go/clients/stellarcore/client.go:187.2,189.58 2 2
github.com/stellar/go/clients/stellarcore/client.go:194.2,197.72 2 2
github.com/stellar/go/clients/stellarcore/client.go:200.2,200.26 1 1
github.com/stellar/go/clients/stellarcore/client.go:205.2,205.8 1 0
github.com/stellar/go/clients/stellarcore/client.go:177.16,180.3 2 0
github.com/stellar/go/clients/stellarcore/client.go:183.16,186.3 2 0
github.com/stellar/go/clients/stellarcore/client.go:189.58,191.3 1 0
github.com/stellar/go/clients/stellarcore/client.go:197.72,199.3 1 1
github.com/stellar/go/clients/stellarcore/client.go:200.26,203.3 2 1
github.com/stellar/go/clients/stellarcore/client.go:208.30,209.19 1 3
github.com/stellar/go/clients/stellarcore/client.go:213.2,213.15 1 3
github.com/stellar/go/clients/stellarcore/client.go:209.19,211.3 1 0
github.com/stellar/go/clients/stellarcore/client.go:222.26,225.16 2 3
github.com/stellar/go/clients/stellarcore/client.go:229.2,230.18 2 3
github.com/stellar/go/clients/stellarcore/client.go:233.2,236.16 3 3
github.com/stellar/go/clients/stellarcore/client.go:240.2,240.34 1 3
github.com/stellar/go/clients/stellarcore/client.go:225.16,227.3 1 0
github.com/stellar/go/clients/stellarcore/client.go:230.18,232.3 1 3
github.com/stellar/go/clients/stellarcore/client.go:236.16,238.3 1 0
github.com/stellar/go/protocols/federation/main.go:28.45,31.16 2 3
github.com/stellar/go/protocols/federation/main.go:34.2,34.19 1 3
github.com/stellar/go/protocols/federation/main.go:31.16,33.3 1 0
github.com/stellar/go/protocols/federation/main.go:37.50,42.16 3 4
github.com/stellar/go/protocols/federation/main.go:46.2,47.16 2 3
github.com/stellar/go/protocols/federation/main.go:50.2,50.12 1 2
github.com/stellar/go/protocols/federation/main.go:42.16,45.3 2 1
github.com/stellar/go/protocols/federation/main.go:47.16,49.3 1 1
github.com/stellar/go/protocols/federation/main.go:53.32,55.2 1 0
github.com/stellar/go/protocols/stellarcore/info_response.go:32.43,34.2 1 2
github.com/stellar/go/protocols/stellarcore/tx_response.go:31.44,33.2 1 0
github.com/stellar/go/clients/stellartoml/client.go:14.76,17.16 3 4
github.com/stellar/go/clients/stellartoml/client.go:21.2,23.58 2 4
github.com/stellar/go/clients/stellartoml/client.go:28.2,34.58 3 3
github.com/stellar/go/clients/stellartoml/client.go:39.2,39.16 1 2
github.com/stellar/go/clients/stellartoml/client.go:44.2,44.8 1 1
github.com/stellar/go/clients/stellartoml/client.go:17.16,20.3 2 0
github.com/stellar/go/clients/stellartoml/client.go:23.58,26.3 2 1
github.com/stellar/go/clients/stellartoml/client.go:34.58,37.3 2 1
github.com/stellar/go/clients/stellartoml/client.go:39.16,42.3 2 1
github.com/stellar/go/clients/stellartoml/client.go:49.74,51.16 2 0
github.com/stellar/go/clients/stellartoml/client.go:55.2,55.33 1 0
github.com/stellar/go/clients/stellartoml/client.go:51.16,53.3 1 0
github.com/stellar/go/clients/stellartoml/client.go:60.44,63.15 2 6
github.com/stellar/go/clients/stellartoml/client.go:69.2,69.64 1 6
github.com/stellar/go/clients/stellartoml/client.go:63.15,65.3 1 1
github.com/stellar/go/clients/stellartoml/client.go:65.8,67.3 1 5
github.com/stellar/go/clients/stellartoml/main.go:118.55,120.2 1 0
github.com/stellar/go/clients/stellartoml/main.go:124.62,126.2 1 0
github.com/stellar/go/clients/stellartoml/mocks.go:11.71,14.2 2 0
github.com/stellar/go/clients/stellartoml/mocks.go:17.81,20.2 2 0
github.com/stellar/go/handlers/federation/handler.go:15.69,19.33 3 3
github.com/stellar/go/handlers/federation/handler.go:27.2,27.13 1 3
github.com/stellar/go/handlers/federation/handler.go:19.33,25.3 2 0
github.com/stellar/go/handlers/federation/handler.go:28.14,29.23 1 0
github.com/stellar/go/handlers/federation/handler.go:30.12,31.21 1 0
github.com/stellar/go/handlers/federation/handler.go:32.17,33.38 1 3
github.com/stellar/go/handlers/federation/handler.go:34.14,35.65 1 0
github.com/stellar/go/handlers/federation/handler.go:36.10,40.28 1 0
github.com/stellar/go/handlers/federation/handler.go:44.55,49.2 1 1
github.com/stellar/go/handlers/federation/handler.go:51.73,56.2 1 0
github.com/stellar/go/handlers/federation/handler.go:58.63,61.9 2 0
github.com/stellar/go/handlers/federation/handler.go:68.2,69.16 2 0
github.com/stellar/go/handlers/federation/handler.go:74.2,74.16 1 0
github.com/stellar/go/handlers/federation/handler.go:79.2,81.19 1 0
github.com/stellar/go/handlers/federation/handler.go:61.9,64.3 2 0
github.com/stellar/go/handlers/federation/handler.go:69.16,72.3 2 0
github.com/stellar/go/handlers/federation/handler.go:74.16,77.3 2 0
github.com/stellar/go/handlers/federation/handler.go:84.65,86.16 2 0
github.com/stellar/go/handlers/federation/handler.go:94.2,95.16 2 0
github.com/stellar/go/handlers/federation/handler.go:99.2,99.16 1 0
github.com/stellar/go/handlers/federation/handler.go:104.2,108.19 1 0
github.com/stellar/go/handlers/federation/handler.go:86.16,92.3 2 0
github.com/stellar/go/handlers/federation/handler.go:95.16,98.3 2 0
github.com/stellar/go/handlers/federation/handler.go:99.16,102.3 2 0
github.com/stellar/go/handlers/federation/handler.go:111.76,114.9 2 3
github.com/stellar/go/handlers/federation/handler.go:119.2,120.16 2 3
github.com/stellar/go/handlers/federation/handler.go:124.2,124.16 1 3
github.com/stellar/go/handlers/federation/handler.go:129.2,133.19 1 2
github.com/stellar/go/handlers/federation/handler.go:114.9,117.3 2 0
github.com/stellar/go/handlers/federation/handler.go:120.16,123.3 2 0
github.com/stellar/go/handlers/federation/handler.go:124.16,127.3 2 1
github.com/stellar/go/handlers/federation/handler.go:140.3,143.16 2 3
github.com/stellar/go/handlers/federation/handler.go:148.2,148.17 1 3
github.com/stellar/go/handlers/federation/handler.go:152.2,154.15 3 3
github.com/stellar/go/handlers/federation/handler.go:143.16,146.3 2 0
github.com/stellar/go/handlers/federation/handler.go:148.17,150.3 1 0
github.com/stellar/go/handlers/federation/handler.go:157.64,158.41 1 0
github.com/stellar/go/handlers/federation/handler.go:159.21,160.38 1 0
github.com/stellar/go/handlers/federation/handler.go:161.10,163.78 2 0
github.com/stellar/go/handlers/federation/main.go:40.46,42.2 1 0
github.com/stellar/go/handlers/federation/reverse_sql_driver.go:9.27,15.24 4 0
github.com/stellar/go/handlers/federation/reverse_sql_driver.go:21.2,21.21 1 0
github.com/stellar/go/handlers/federation/reverse_sql_driver.go:15.24,17.3 1 0
github.com/stellar/go/handlers/federation/reverse_sql_driver.go:17.8,17.23 1 0
github.com/stellar/go/handlers/federation/reverse_sql_driver.go:17.23,19.3 1 0
github.com/stellar/go/handlers/federation/sql_driver.go:8.74,14.24 4 0
github.com/stellar/go/handlers/federation/sql_driver.go:20.2,20.21 1 0
github.com/stellar/go/handlers/federation/sql_driver.go:14.24,16.3 1 0
github.com/stellar/go/handlers/federation/sql_driver.go:16.8,16.23 1 0
github.com/stellar/go/handlers/federation/sql_driver.go:16.23,18.3 1 0
github.com/stellar/go/handlers/federation/sql_driver.go:25.32,26.21 1 0
github.com/stellar/go/handlers/federation/sql_driver.go:26.21,27.24 1 0
github.com/stellar/go/handlers/federation/sql_driver.go:31.3,31.40 1 0
github.com/stellar/go/handlers/federation/sql_driver.go:27.24,28.33 1 0
github.com/stellar/go/services/horizon/internal/db2/page_query.go:46.44,48.2 1 0
github.com/stellar/go/services/horizon/internal/db2/page_query.go:56.29,58.16 2 0
github.com/stellar/go/services/horizon/internal/db2/page_query.go:62.2,62.47 1 0
github.com/stellar/go/services/horizon/internal/db2/page_query.go:58.16,60.3 1 0
github.com/stellar/go/services/horizon/internal/db2/page_query.go:71.29,74.17 2 0
github.com/stellar/go/services/horizon/internal/db2/page_query.go:97.2,97.17 1 0
github.com/stellar/go/services/horizon/internal/db2/page_query.go:75.13,76.19 1 0
github.com/stellar/go/services/horizon/internal/db2/page_query.go:84.14,85.19 1 0
github.com/stellar/go/services/horizon/internal/db2/page_query.go:93.10,94.58 1 0
github.com/stellar/go/services/horizon/internal/db2/page_query.go:76.19,79.4 1 0
github.com/stellar/go/services/horizon/internal/db2/page_query.go:79.9,83.4 1 0
github.com/stellar/go/services/horizon/internal/db2/page_query.go:85.19,88.4 1 0
github.com/stellar/go/services/horizon/internal/db2/page_query.go:88.9,92.4 1 0
github.com/stellar/go/services/horizon/internal/db2/page_query.go:101.39,102.17 1 0
github.com/stellar/go/services/horizon/internal/db2/page_query.go:109.2,109.10 1 0
github.com/stellar/go/services/horizon/internal/db2/page_query.go:103.22,104.28 1 0
github.com/stellar/go/services/horizon/internal/db2/page_query.go:105.23,106.27 1 0
github.com/stellar/go/services/horizon/internal/db2/page_query.go:113.49,114.20 1 3
github.com/stellar/go/services/horizon/internal/db2/page_query.go:125.2,127.16 2 1
github.com/stellar/go/services/horizon/internal/db2/page_query.go:131.2,131.11 1 1
github.com/stellar/go/services/horizon/internal/db2/page_query.go:135.2,135.15 1 0
github.com/stellar/go/services/horizon/internal/db2/page_query.go:114.20,115.18 1 2
github.com/stellar/go/services/horizon/internal/db2/page_query.go:116.23,117.17 1 1
github.com/stellar/go/services/horizon/internal/db2/page_query.go:118.24,119.29 1 1
github.com/stellar/go/services/horizon/internal/db2/page_query.go:120.11,121.29 1 0
github.com/stellar/go/services/horizon/internal/db2/page_query.go:127.16,129.3 1 0
github.com/stellar/go/services/horizon/internal/db2/page_query.go:131.11,133.3 1 1
github.com/stellar/go/services/horizon/internal/db2/page_query.go:140.78,141.20 1 14
github.com/stellar/go/services/horizon/internal/db2/page_query.go:155.2,165.21 2 7
github.com/stellar/go/services/horizon/internal/db2/page_query.go:173.2,174.16 2 7
github.com/stellar/go/services/horizon/internal/db2/page_query.go:179.2,180.16 2 4
github.com/stellar/go/services/horizon/internal/db2/page_query.go:185.2,185.20 1 3
github.com/stellar/go/services/horizon/internal/db2/page_query.go:189.2,189.8 1 3
github.com/stellar/go/services/horizon/internal/db2/page_query.go:141.20,142.18 1 7
github.com/stellar/go/services/horizon/internal/db2/page_query.go:152.3,152.9 1 7
github.com/stellar/go/services/horizon/internal/db2/page_query.go:143.23,145.9 2 5
github.com/stellar/go/services/horizon/internal/db2/page_query.go:146.24,148.21 2 2
github.com/stellar/go/services/horizon/internal/db2/page_query.go:149.11,150.25 1 0
github.com/stellar/go/services/horizon/internal/db2/page_query.go:165.21,171.3 2 2
github.com/stellar/go/services/horizon/internal/db2/page_query.go:174.16,177.3 2 3
github.com/stellar/go/services/horizon/internal/db2/page_query.go:180.16,183.3 2 1
github.com/stellar/go/services/horizon/internal/db2/page_query.go:185.20,187.3 1 0
github.com/stellar/go/services/horizon/internal/db2/page_query.go:199.33,202.15 1 16
github.com/stellar/go/services/horizon/internal/db2/page_query.go:213.2,214.20 2 15
github.com/stellar/go/services/horizon/internal/db2/page_query.go:223.2,223.9 1 15
github.com/stellar/go/services/horizon/internal/db2/page_query.go:234.2,234.8 1 13
github.com/stellar/go/services/horizon/internal/db2/page_query.go:203.10,204.32 1 9
github.com/stellar/go/services/horizon/internal/db2/page_query.go:205.39,206.23 1 6
github.com/stellar/go/services/horizon/internal/db2/page_query.go:207.10,209.9 2 1
github.com/stellar/go/services/horizon/internal/db2/page_query.go:214.20,216.17 2 6
github.com/stellar/go/services/horizon/internal/db2/page_query.go:216.17,219.4 2 0
github.com/stellar/go/services/horizon/internal/db2/page_query.go:224.18,226.9 2 1
github.com/stellar/go/services/horizon/internal/db2/page_query.go:227.27,229.9 2 1
github.com/stellar/go/services/horizon/internal/db2/page_query.go:230.10,231.23 1 13
github.com/stellar/go/services/horizon/internal/db2/page_query.go:238.94,240.16 2 9
github.com/stellar/go/services/horizon/internal/db2/page_query.go:244.2,244.10 1 9
github.com/stellar/go/services/horizon/internal/db2/page_query.go:240.16,241.13 1 0
github.com/stellar/go/services/horizon/internal/toid/main.go:92.33,94.2 1 0
github.com/stellar/go/services/horizon/internal/toid/main.go:99.65,100.15 1 7
github.com/stellar/go/services/horizon/internal/toid/main.go:104.2,104.26 1 5
github.com/stellar/go/services/horizon/internal/toid/main.go:108.2,109.15 2 4
github.com/stellar/go/services/horizon/internal/toid/main.go:115.2,117.30 2 4
github.com/stellar/go/services/horizon/internal/toid/main.go:100.15,102.3 1 2
github.com/stellar/go/services/horizon/internal/toid/main.go:104.26,106.3 1 1
github.com/stellar/go/services/horizon/internal/toid/main.go:109.15,111.3 1 2
github.com/stellar/go/services/horizon/internal/toid/main.go:111.8,113.3 1 2
github.com/stellar/go/services/horizon/internal/toid/main.go:123.35,126.39 2 2
github.com/stellar/go/services/horizon/internal/toid/main.go:126.39,129.3 2 1
github.com/stellar/go/services/horizon/internal/toid/main.go:133.48,139.2 1 6
github.com/stellar/go/services/horizon/internal/toid/main.go:142.39,144.27 1 23
github.com/stellar/go/services/horizon/internal/toid/main.go:148.2,148.43 1 21
github.com/stellar/go/services/horizon/internal/toid/main.go:152.2,152.39 1 20
github.com/stellar/go/services/horizon/internal/toid/main.go:156.2,159.8 4 19
github.com/stellar/go/services/horizon/internal/toid/main.go:144.27,145.35 1 2
github.com/stellar/go/services/horizon/internal/toid/main.go:148.43,149.38 1 1
github.com/stellar/go/services/horizon/internal/toid/main.go:152.39,153.36 1 1
github.com/stellar/go/services/horizon/internal/toid/main.go:163.30,165.2 1 0
github.com/stellar/go/services/horizon/internal/toid/main.go:168.34,174.2 4 15
github.com/stellar/go/services/horizon/internal/render/main.go:12.40,17.18 4 6
github.com/stellar/go/services/horizon/internal/render/main.go:21.2,28.15 3 4
github.com/stellar/go/services/horizon/internal/render/main.go:17.18,19.3 1 2
github.com/stellar/go/services/horizon/internal/hchi/context.go:20.71,22.2 1 5
github.com/stellar/go/services/horizon/internal/hchi/context.go:26.60,29.2 2 1
github.com/stellar/go/services/horizon/internal/hchi/context.go:33.44,34.16 1 4
github.com/stellar/go/services/horizon/internal/hchi/context.go:38.2,39.12 2 4
github.com/stellar/go/services/horizon/internal/hchi/context.go:34.16,36.3 1 0
github.com/stellar/go/services/horizon/internal/logmetrics/main.go:15.13,17.2 1 1
github.com/stellar/go/services/horizon/internal/logmetrics/main.go:20.39,26.2 5 2
github.com/stellar/go/services/horizon/internal/logmetrics/main.go:29.28,47.2 1 3
github.com/stellar/go/services/horizon/internal/logmetrics/main.go:50.47,53.2 2 5
github.com/stellar/go/services/horizon/internal/logmetrics/main.go:57.43,65.2 1 2
github.com/stellar/go/exp/crypto/derivation/main.go:44.60,45.24 1 22
github.com/stellar/go/exp/crypto/derivation/main.go:49.2,50.16 2 22
github.com/stellar/go/exp/crypto/derivation/main.go:54.2,55.39 2 22
github.com/stellar/go/exp/crypto/derivation/main.go:69.2,69.17 1 22
github.com/stellar/go/exp/crypto/derivation/main.go:45.24,47.3 1 0
github.com/stellar/go/exp/crypto/derivation/main.go:50.16,52.3 1 0
github.com/stellar/go/exp/crypto/derivation/main.go:55.39,57.17 2 65
github.com/stellar/go/exp/crypto/derivation/main.go:62.3,64.17 3 65
github.com/stellar/go/exp/crypto/derivation/main.go:57.17,59.4 1 0
github.com/stellar/go/exp/crypto/derivation/main.go:64.17,66.4 1 0
github.com/stellar/go/exp/crypto/derivation/main.go:73.46,76.16 3 24
github.com/stellar/go/exp/crypto/derivation/main.go:79.2,84.17 3 24
github.com/stellar/go/exp/crypto/derivation/main.go:76.16,78.3 1 0
github.com/stellar/go/exp/crypto/derivation/main.go:87.46,89.28 1 75
github.com/stellar/go/exp/crypto/derivation/main.go:93.2,100.16 7 75
github.com/stellar/go/exp/crypto/derivation/main.go:103.2,108.20 3 75
github.com/stellar/go/exp/crypto/derivation/main.go:89.28,91.3 1 0
github.com/stellar/go/exp/crypto/derivation/main.go:100.16,102.3 1 0
github.com/stellar/go/exp/crypto/derivation/main.go:112.43,115.16 3 12
github.com/stellar/go/exp/crypto/derivation/main.go:118.2,118.20 1 12
github.com/stellar/go/exp/crypto/derivation/main.go:115.16,117.3 1 0
github.com/stellar/go/exp/crypto/derivation/main.go:122.34,126.2 3 21
github.com/stellar/go/exp/crypto/derivation/main.go:128.36,129.34 1 31
github.com/stellar/go/exp/crypto/derivation/main.go:134.2,135.39 2 27
github.com/stellar/go/exp/crypto/derivation/main.go:142.2,142.13 1 26
github.com/stellar/go/exp/crypto/derivation/main.go:129.34,131.3 1 4
github.com/stellar/go/exp/crypto/derivation/main.go:135.39,137.17 2 77
github.com/stellar/go/exp/crypto/derivation/main.go:137.17,139.4 1 1
github.com/stellar/go/exp/orderbook/batch.go:32.92,40.2 2 82
github.com/stellar/go/exp/orderbook/batch.go:43.92,50.2 2 10
github.com/stellar/go/exp/orderbook/batch.go:53.63,57.18 3 25
github.com/stellar/go/exp/orderbook/batch.go:61.2,63.70 2 25
github.com/stellar/go/exp/orderbook/batch.go:67.2,67.42 1 23
github.com/stellar/go/exp/orderbook/batch.go:85.2,87.12 2 23
github.com/stellar/go/exp/orderbook/batch.go:57.18,59.32 1 0
github.com/stellar/go/exp/orderbook/batch.go:63.70,65.3 1 2
github.com/stellar/go/exp/orderbook/batch.go:67.42,68.34 1 83
github.com/stellar/go/exp/orderbook/batch.go:69.30,70.61 1 73
github.com/stellar/go/exp/orderbook/batch.go:73.33,74.73 1 10
github.com/stellar/go/exp/orderbook/batch.go:77.4,77.65 1 9
github.com/stellar/go/exp/orderbook/batch.go:80.11,81.47 1 0
github.com/stellar/go/exp/orderbook/batch.go:70.61,71.63 1 0
github.com/stellar/go/exp/orderbook/batch.go:74.73,75.13 1 1
github.com/stellar/go/exp/orderbook/batch.go:77.65,78.63 1 0
github.com/stellar/go/exp/orderbook/dfs.go:25.43,26.31 1 20
github.com/stellar/go/exp/orderbook/dfs.go:29.2,29.28 1 20
github.com/stellar/go/exp/orderbook/dfs.go:26.31,28.3 1 0
github.com/stellar/go/exp/orderbook/dfs.go:33.48,34.36 1 12
github.com/stellar/go/exp/orderbook/dfs.go:37.2,37.33 1 12
github.com/stellar/go/exp/orderbook/dfs.go:34.36,36.3 1 0
github.com/stellar/go/exp/orderbook/dfs.go:68.9,69.29 1 86
github.com/stellar/go/exp/orderbook/dfs.go:72.2,72.33 1 86
github.com/stellar/go/exp/orderbook/dfs.go:75.2,75.38 1 72
github.com/stellar/go/exp/orderbook/dfs.go:78.2,79.15 2 66
github.com/stellar/go/exp/orderbook/dfs.go:83.2,84.66 2 66
github.com/stellar/go/exp/orderbook/dfs.go:92.2,92.71 1 66
github.com/stellar/go/exp/orderbook/dfs.go:119.2,119.12 1 66
github.com/stellar/go/exp/orderbook/dfs.go:69.29,71.3 1 0
github.com/stellar/go/exp/orderbook/dfs.go:72.33,74.3 1 14
github.com/stellar/go/exp/orderbook/dfs.go:75.38,77.3 1 6
github.com/stellar/go/exp/orderbook/dfs.go:79.15,81.3 1 66
github.com/stellar/go/exp/orderbook/dfs.go:84.66,90.3 1 22
github.com/stellar/go/exp/orderbook/dfs.go:92.71,93.23 1 76
github.com/stellar/go/exp/orderbook/dfs.go:97.3,98.17 2 76
github.com/stellar/go/exp/orderbook/dfs.go:101.3,101.27 1 76
github.com/stellar/go/exp/orderbook/dfs.go:105.3,114.17 2 76
github.com/stellar/go/exp/orderbook/dfs.go:93.23,94.12 1 0
github.com/stellar/go/exp/orderbook/dfs.go:98.17,100.4 1 0
github.com/stellar/go/exp/orderbook/dfs.go:101.27,102.12 1 0
github.com/stellar/go/exp/orderbook/dfs.go:114.17,116.4 1 0
github.com/stellar/go/exp/orderbook/dfs.go:142.8,145.2 2 42
github.com/stellar/go/exp/orderbook/dfs.go:151.3,153.33 2 14
github.com/stellar/go/exp/orderbook/dfs.go:165.2,172.4 1 14
github.com/stellar/go/exp/orderbook/dfs.go:153.33,157.53 3 10
github.com/stellar/go/exp/orderbook/dfs.go:157.53,160.4 2 18
github.com/stellar/go/exp/orderbook/dfs.go:161.8,163.3 1 4
github.com/stellar/go/exp/orderbook/dfs.go:175.80,177.2 1 42
github.com/stellar/go/exp/orderbook/dfs.go:182.33,185.16 3 50
github.com/stellar/go/exp/orderbook/dfs.go:189.2,189.35 1 50
github.com/stellar/go/exp/orderbook/dfs.go:185.16,187.3 1 50
github.com/stellar/go/exp/orderbook/dfs.go:210.8,212.2 1 24
github.com/stellar/go/exp/orderbook/dfs.go:218.3,220.33 2 8
github.com/stellar/go/exp/orderbook/dfs.go:228.2,235.4 1 8
github.com/stellar/go/exp/orderbook/dfs.go:220.33,224.3 2 7
github.com/stellar/go/exp/orderbook/dfs.go:224.8,226.3 1 1
github.com/stellar/go/exp/orderbook/dfs.go:238.73,240.2 1 24
github.com/stellar/go/exp/orderbook/dfs.go:245.33,248.16 3 26
github.com/stellar/go/exp/orderbook/dfs.go:252.2,252.35 1 26
github.com/stellar/go/exp/orderbook/dfs.go:248.16,250.3 1 26
github.com/stellar/go/exp/orderbook/dfs.go:259.22,262.22 2 60
github.com/stellar/go/exp/orderbook/dfs.go:266.2,266.29 1 59
github.com/stellar/go/exp/orderbook/dfs.go:270.2,270.35 1 58
github.com/stellar/go/exp/orderbook/dfs.go:300.2,300.16 1 2
github.com/stellar/go/exp/orderbook/dfs.go:262.22,264.3 1 1
github.com/stellar/go/exp/orderbook/dfs.go:266.29,268.3 1 1
github.com/stellar/go/exp/orderbook/dfs.go:270.35,271.77 1 62
github.com/stellar/go/exp/orderbook/dfs.go:275.3,281.31 2 60
github.com/stellar/go/exp/orderbook/dfs.go:289.3,292.30 3 58
github.com/stellar/go/exp/orderbook/dfs.go:295.3,295.29 1 4
github.com/stellar/go/exp/orderbook/dfs.go:271.77,272.12 1 2
github.com/stellar/go/exp/orderbook/dfs.go:281.31,285.4 1 1
github.com/stellar/go/exp/orderbook/dfs.go:285.9,285.24 1 59
github.com/stellar/go/exp/orderbook/dfs.go:285.24,287.4 1 1
github.com/stellar/go/exp/orderbook/dfs.go:292.30,294.4 1 54
github.com/stellar/go/exp/orderbook/dfs.go:295.29,297.4 1 0
github.com/stellar/go/exp/orderbook/dfs.go:306.22,309.22 2 35
github.com/stellar/go/exp/orderbook/dfs.go:313.2,313.29 1 34
github.com/stellar/go/exp/orderbook/dfs.go:317.2,317.35 1 33
github.com/stellar/go/exp/orderbook/dfs.go:366.2,366.16 1 2
github.com/stellar/go/exp/orderbook/dfs.go:309.22,311.3 1 1
github.com/stellar/go/exp/orderbook/dfs.go:313.29,315.3 1 1
github.com/stellar/go/exp/orderbook/dfs.go:317.35,324.17 4 37
github.com/stellar/go/exp/orderbook/dfs.go:341.3,347.31 2 6
github.com/stellar/go/exp/orderbook/dfs.go:355.3,358.30 3 6
github.com/stellar/go/exp/orderbook/dfs.go:361.3,361.29 1 6
github.com/stellar/go/exp/orderbook/dfs.go:324.17,326.26 2 36
github.com/stellar/go/exp/orderbook/dfs.go:330.4,330.25 1 34
github.com/stellar/go/exp/orderbook/dfs.go:333.4,333.41 1 34
github.com/stellar/go/exp/orderbook/dfs.go:326.26,329.5 1 2
github.com/stellar/go/exp/orderbook/dfs.go:330.25,332.5 1 0
github.com/stellar/go/exp/orderbook/dfs.go:333.41,336.5 2 29
github.com/stellar/go/exp/orderbook/dfs.go:337.9,337.38 1 1
github.com/stellar/go/exp/orderbook/dfs.go:337.38,339.4 1 0
github.com/stellar/go/exp/orderbook/dfs.go:347.31,351.4 1 0
github.com/stellar/go/exp/orderbook/dfs.go:351.9,351.24 1 6
github.com/stellar/go/exp/orderbook/dfs.go:351.24,353.4 1 0
github.com/stellar/go/exp/orderbook/dfs.go:358.30,360.4 1 0
github.com/stellar/go/exp/orderbook/dfs.go:361.29,363.4 1 0
github.com/stellar/go/exp/orderbook/edges.go:15.56,18.22 2 158
github.com/stellar/go/exp/orderbook/edges.go:24.2,24.59 1 92
github.com/stellar/go/exp/orderbook/edges.go:28.2,30.25 3 92
github.com/stellar/go/exp/orderbook/edges.go:34.2,34.17 1 92
github.com/stellar/go/exp/orderbook/edges.go:18.22,21.3 2 66
github.com/stellar/go/exp/orderbook/edges.go:24.59,26.3 1 142
github.com/stellar/go/exp/orderbook/edges.go:30.25,33.3 2 70
github.com/stellar/go/exp/orderbook/edges.go:38.61,40.21 2 39
github.com/stellar/go/exp/orderbook/edges.go:43.2,45.34 2 37
github.com/stellar/go/exp/orderbook/edges.go:56.2,56.14 1 37
github.com/stellar/go/exp/orderbook/edges.go:64.2,64.17 1 37
github.com/stellar/go/exp/orderbook/edges.go:40.21,42.3 1 2
github.com/stellar/go/exp/orderbook/edges.go:45.34,46.34 1 64
github.com/stellar/go/exp/orderbook/edges.go:46.34,48.40 2 36
github.com/stellar/go/exp/orderbook/edges.go:52.4,53.9 2 36
github.com/stellar/go/exp/orderbook/edges.go:48.40,51.5 2 9
github.com/stellar/go/exp/orderbook/edges.go:56.14,57.22 1 36
github.com/stellar/go/exp/orderbook/edges.go:57.22,59.4 1 13
github.com/stellar/go/exp/orderbook/edges.go:59.9,61.4 1 23
github.com/stellar/go/exp/orderbook/graph.go:72.42,81.2 3 9
github.com/stellar/go/exp/orderbook/graph.go:86.61,88.2 1 82
github.com/stellar/go/exp/orderbook/graph.go:93.69,96.2 2 10
github.com/stellar/go/exp/orderbook/graph.go:100.72,103.57 3 0
github.com/stellar/go/exp/orderbook/graph.go:110.2,110.27 1 0
github.com/stellar/go/exp/orderbook/graph.go:103.57,104.52 1 0
github.com/stellar/go/exp/orderbook/graph.go:104.52,106.4 1 0
github.com/stellar/go/exp/orderbook/graph.go:106.9,106.62 1 0
github.com/stellar/go/exp/orderbook/graph.go:106.62,108.4 1 0
github.com/stellar/go/exp/orderbook/graph.go:114.40,116.2 1 4
github.com/stellar/go/exp/orderbook/graph.go:120.57,122.16 2 25
github.com/stellar/go/exp/orderbook/graph.go:125.2,126.12 2 23
github.com/stellar/go/exp/orderbook/graph.go:122.16,124.3 1 2
github.com/stellar/go/exp/orderbook/graph.go:130.56,135.51 4 2
github.com/stellar/go/exp/orderbook/graph.go:141.2,141.15 1 2
github.com/stellar/go/exp/orderbook/graph.go:135.51,136.39 1 2
github.com/stellar/go/exp/orderbook/graph.go:136.39,138.4 1 2
github.com/stellar/go/exp/orderbook/graph.go:145.38,154.2 7 0
github.com/stellar/go/exp/orderbook/graph.go:158.71,162.31 3 0
github.com/stellar/go/exp/orderbook/graph.go:166.2,166.10 1 0
github.com/stellar/go/exp/orderbook/graph.go:162.31,164.3 1 0
github.com/stellar/go/exp/orderbook/graph.go:171.63,177.2 1 36
github.com/stellar/go/exp/orderbook/graph.go:184.20,187.9 3 14
github.com/stellar/go/exp/orderbook/graph.go:190.2,191.9 2 7
github.com/stellar/go/exp/orderbook/graph.go:195.2,195.31 1 7
github.com/stellar/go/exp/orderbook/graph.go:206.2,206.16 1 3
github.com/stellar/go/exp/orderbook/graph.go:187.9,189.3 1 7
github.com/stellar/go/exp/orderbook/graph.go:191.9,193.3 1 0
github.com/stellar/go/exp/orderbook/graph.go:195.31,197.77 1 27
github.com/stellar/go/exp/orderbook/graph.go:200.3,200.25 1 27
github.com/stellar/go/exp/orderbook/graph.go:204.3,204.35 1 23
github.com/stellar/go/exp/orderbook/graph.go:197.77,199.4 1 15
github.com/stellar/go/exp/orderbook/graph.go:200.25,202.4 1 4
github.com/stellar/go/exp/orderbook/graph.go:217.48,227.2 7 4
github.com/stellar/go/exp/orderbook/graph.go:230.62,231.71 1 73
github.com/stellar/go/exp/orderbook/graph.go:237.2,243.62 4 73
github.com/stellar/go/exp/orderbook/graph.go:250.2,250.60 1 73
github.com/stellar/go/exp/orderbook/graph.go:257.2,257.12 1 73
github.com/stellar/go/exp/orderbook/graph.go:231.71,232.53 1 7
github.com/stellar/go/exp/orderbook/graph.go:232.53,234.4 1 0
github.com/stellar/go/exp/orderbook/graph.go:243.62,246.3 2 24
github.com/stellar/go/exp/orderbook/graph.go:246.8,248.3 1 49
github.com/stellar/go/exp/orderbook/graph.go:250.60,253.3 2 19
github.com/stellar/go/exp/orderbook/graph.go:253.8,255.3 1 54
github.com/stellar/go/exp/orderbook/graph.go:261.62,263.9 2 16
github.com/stellar/go/exp/orderbook/graph.go:267.2,269.67 2 16
github.com/stellar/go/exp/orderbook/graph.go:277.2,277.65 1 16
github.com/stellar/go/exp/orderbook/graph.go:285.2,285.12 1 16
github.com/stellar/go/exp/orderbook/graph.go:263.9,265.3 1 0
github.com/stellar/go/exp/orderbook/graph.go:269.67,271.3 1 0
github.com/stellar/go/exp/orderbook/graph.go:271.8,271.51 1 16
github.com/stellar/go/exp/orderbook/graph.go:271.51,273.3 1 0
github.com/stellar/go/exp/orderbook/graph.go:273.8,273.26 1 16
github.com/stellar/go/exp/orderbook/graph.go:273.26,275.3 1 5
github.com/stellar/go/exp/orderbook/graph.go:277.65,279.3 1 0
github.com/stellar/go/exp/orderbook/graph.go:279.8,279.52 1 16
github.com/stellar/go/exp/orderbook/graph.go:279.52,281.3 1 0
github.com/stellar/go/exp/orderbook/graph.go:281.8,281.26 1 16
github.com/stellar/go/exp/orderbook/graph.go:281.26,283.3 1 2
github.com/stellar/go/exp/orderbook/graph.go:289.45,294.2 3 5
github.com/stellar/go/exp/orderbook/graph.go:307.27,310.43 3 5
github.com/stellar/go/exp/orderbook/graph.go:315.2,336.16 6 5
github.com/stellar/go/exp/orderbook/graph.go:340.2,345.31 2 5
github.com/stellar/go/exp/orderbook/graph.go:310.43,313.3 2 10
github.com/stellar/go/exp/orderbook/graph.go:336.16,338.3 1 0
github.com/stellar/go/exp/orderbook/graph.go:359.27,361.53 2 5
github.com/stellar/go/exp/orderbook/graph.go:366.2,385.16 6 5
github.com/stellar/go/exp/orderbook/graph.go:389.2,389.52 1 5
github.com/stellar/go/exp/orderbook/graph.go:393.2,398.31 2 5
github.com/stellar/go/exp/orderbook/graph.go:361.53,364.3 2 6
github.com/stellar/go/exp/orderbook/graph.go:385.16,387.3 1 0
github.com/stellar/go/exp/orderbook/graph.go:389.52,391.3 1 5
github.com/stellar/go/exp/orderbook/graph.go:405.57,406.61 1 22
github.com/stellar/go/exp/orderbook/graph.go:412.2,412.74 1 10
github.com/stellar/go/exp/orderbook/graph.go:406.61,407.59 1 12
github.com/stellar/go/exp/orderbook/graph.go:410.3,410.61 1 11
github.com/stellar/go/exp/orderbook/graph.go:407.59,409.4 1 1
github.com/stellar/go/exp/orderbook/graph.go:419.62,420.71 1 12
github.com/stellar/go/exp/orderbook/graph.go:426.2,426.84 1 6
github.com/stellar/go/exp/orderbook/graph.go:420.71,421.69 1 6
github.com/stellar/go/exp/orderbook/graph.go:424.3,424.71 1 5
github.com/stellar/go/exp/orderbook/graph.go:421.69,423.4 1 1
github.com/stellar/go/exp/orderbook/graph.go:429.48,431.2 1 15
github.com/stellar/go/exp/orderbook/graph.go:433.53,435.2 1 9
github.com/stellar/go/exp/orderbook/graph.go:443.19,447.18 3 12
github.com/stellar/go/exp/orderbook/graph.go:458.2,458.43 1 12
github.com/stellar/go/exp/orderbook/graph.go:462.2,464.33 3 12
github.com/stellar/go/exp/orderbook/graph.go:474.2,474.22 1 12
github.com/stellar/go/exp/orderbook/graph.go:448.25,450.34 2 6
github.com/stellar/go/exp/orderbook/graph.go:451.30,453.39 2 6
github.com/stellar/go/exp/orderbook/graph.go:454.10,455.49 1 0
github.com/stellar/go/exp/orderbook/graph.go:458.43,460.3 1 34
github.com/stellar/go/exp/orderbook/graph.go:464.33,465.75 1 34
github.com/stellar/go/exp/orderbook/graph.go:465.75,468.4 2 19
github.com/stellar/go/exp/orderbook/graph.go:468.9,468.46 1 15
github.com/stellar/go/exp/orderbook/graph.go:468.46,471.4 2 13
github.com/stellar/go/amount/main.go:41.36,43.16 2 0
github.com/stellar/go/amount/main.go:46.2,46.12 1 0
github.com/stellar/go/amount/main.go:43.16,44.13 1 0
github.com/stellar/go/amount/main.go:52.41,54.16 2 20
github.com/stellar/go/amount/main.go:57.2,57.26 1 8
github.com/stellar/go/amount/main.go:54.16,56.3 1 12
github.com/stellar/go/amount/main.go:63.42,64.39 1 20
github.com/stellar/go/amount/main.go:68.2,69.34 2 15
github.com/stellar/go/amount/main.go:73.2,74.16 2 15
github.com/stellar/go/amount/main.go:78.2,79.16 2 13
github.com/stellar/go/amount/main.go:82.2,82.15 1 8
github.com/stellar/go/amount/main.go:64.39,66.3 1 5
github.com/stellar/go/amount/main.go:69.34,71.3 1 0
github.com/stellar/go/amount/main.go:74.16,76.3 1 2
github.com/stellar/go/amount/main.go:79.16,81.3 1 5
github.com/stellar/go/amount/main.go:89.50,90.48 1 22
github.com/stellar/go/amount/main.go:94.2,95.17 2 16
github.com/stellar/go/amount/main.go:100.2,102.12 3 16
github.com/stellar/go/amount/main.go:108.2,108.14 1 16
github.com/stellar/go/amount/main.go:112.2,112.15 1 16
github.com/stellar/go/amount/main.go:90.48,92.3 1 6
github.com/stellar/go/amount/main.go:95.17,98.3 2 5
github.com/stellar/go/amount/main.go:102.12,104.3 1 1
github.com/stellar/go/amount/main.go:104.8,106.3 1 15
github.com/stellar/go/amount/main.go:108.14,110.3 1 5
github.com/stellar/go/amount/main.go:116.33,118.2 1 8
github.com/stellar/go/amount/main.go:121.38,125.2 3 8
github.com/stellar/go/exp/services/recoverysigner/internal/db/dbmigrate/dbmigrate.go:18.94,20.16 2 0
github.com/stellar/go/exp/services/recoverysigner/internal/db/dbmigrate/dbmigrate.go:23.2,24.31 2 0
github.com/stellar/go/exp/services/recoverysigner/internal/db/dbmigrate/dbmigrate.go:27.2,27.17 1 0
github.com/stellar/go/exp/services/recoverysigner/internal/db/dbmigrate/dbmigrate.go:20.16,22.3 1 0
github.com/stellar/go/exp/services/recoverysigner/internal/db/dbmigrate/dbmigrate.go:24.31,26.3 1 0
github.com/stellar/go/exp/services/recoverysigner/internal/db/dbmigrate/dbmigrate.go:33.83,35.2 1 0
github.com/stellar/go/exp/services/recoverysigner/internal/db/dbmigrate/dbmigrate_generated.go:27.60,29.16 2 16
github.com/stellar/go/exp/services/recoverysigner/internal/db/dbmigrate/dbmigrate_generated.go:33.2,37.16 4 16
github.com/stellar/go/exp/services/recoverysigner/internal/db/dbmigrate/dbmigrate_generated.go:40.2,40.18 1 16
github.com/stellar/go/exp/services/recoverysigner/internal/db/dbmigrate/dbmigrate_generated.go:44.2,44.25 1 16
github.com/stellar/go/exp/services/recoverysigner/internal/db/dbmigrate/dbmigrate_generated.go:29.16,31.3 1 0
github.com/stellar/go/exp/services/recoverysigner/internal/db/dbmigrate/dbmigrate_generated.go:37.16,39.3 1 0
github.com/stellar/go/exp/services/recoverysigner/internal/db/dbmigrate/dbmigrate_generated.go:40.18,42.3 1 0
github.com/stellar/go/exp/services/recoverysigner/internal/db/dbmigrate/dbmigrate_generated.go:60.41,62.2 1 0
github.com/stellar/go/exp/services/recoverysigner/internal/db/dbmigrate/dbmigrate_generated.go:63.40,65.2 1 0
github.com/stellar/go/exp/services/recoverysigner/internal/db/dbmigrate/dbmigrate_generated.go:66.46,68.2 1 0
github.com/stellar/go/exp/services/recoverysigner/internal/db/dbmigrate/dbmigrate_generated.go:69.47,71.2 1 8
github.com/stellar/go/exp/services/recoverysigner/internal/db/dbmigrate/dbmigrate_generated.go:72.40,74.2 1 0
github.com/stellar/go/exp/services/recoverysigner/internal/db/dbmigrate/dbmigrate_generated.go:75.45,77.2 1 0
github.com/stellar/go/exp/services/recoverysigner/internal/db/dbmigrate/dbmigrate_generated.go:81.65,86.2 1 2
github.com/stellar/go/exp/services/recoverysigner/internal/db/dbmigrate/dbmigrate_generated.go:88.60,90.16 2 2
github.com/stellar/go/exp/services/recoverysigner/internal/db/dbmigrate/dbmigrate_generated.go:94.2,96.15 3 2
github.com/stellar/go/exp/services/recoverysigner/internal/db/dbmigrate/dbmigrate_generated.go:90.16,92.3 1 0
github.com/stellar/go/exp/services/recoverysigner/internal/db/dbmigrate/dbmigrate_generated.go:101.65,106.2 1 2
github.com/stellar/go/exp/services/recoverysigner/internal/db/dbmigrate/dbmigrate_generated.go:108.60,110.16 2 2
github.com/stellar/go/exp/services/recoverysigner/internal/db/dbmigrate/dbmigrate_generated.go:114.2,116.15 3 2
github.com/stellar/go/exp/services/recoverysigner/internal/db/dbmigrate/dbmigrate_generated.go:110.16,112.3 1 0
github.com/stellar/go/exp/services/recoverysigner/internal/db/dbmigrate/dbmigrate_generated.go:121.71,126.2 1 2
github.com/stellar/go/exp/services/recoverysigner/internal/db/dbmigrate/dbmigrate_generated.go:128.66,130.16 2 2
github.com/stellar/go/exp/services/recoverysigner/internal/db/dbmigrate/dbmigrate_generated.go:134.2,136.15 3 2
github.com/stellar/go/exp/services/recoverysigner/internal/db/dbmigrate/dbmigrate_generated.go:130.16,132.3 1 0
github.com/stellar/go/exp/services/recoverysigner/internal/db/dbmigrate/dbmigrate_generated.go:141.73,146.2 1 2
github.com/stellar/go/exp/services/recoverysigner/internal/db/dbmigrate/dbmigrate_generated.go:148.68,150.16 2 2
github.com/stellar/go/exp/services/recoverysigner/internal/db/dbmigrate/dbmigrate_generated.go:154.2,156.15 3 2
github.com/stellar/go/exp/services/recoverysigner/internal/db/dbmigrate/dbmigrate_generated.go:150.16,152.3 1 0
github.com/stellar/go/exp/services/recoverysigner/internal/db/dbmigrate/dbmigrate_generated.go:161.74,166.2 1 2
github.com/stellar/go/exp/services/recoverysigner/internal/db/dbmigrate/dbmigrate_generated.go:168.69,170.16 2 2
github.com/stellar/go/exp/services/recoverysigner/internal/db/dbmigrate/dbmigrate_generated.go:174.2,176.15 3 2
github.com/stellar/go/exp/services/recoverysigner/internal/db/dbmigrate/dbmigrate_generated.go:170.16,172.3 1 0
github.com/stellar/go/exp/services/recoverysigner/internal/db/dbmigrate/dbmigrate_generated.go:181.76,186.2 1 2
github.com/stellar/go/exp/services/recoverysigner/internal/db/dbmigrate/dbmigrate_generated.go:188.71,190.16 2 2
github.com/stellar/go/exp/services/recoverysigner/internal/db/dbmigrate/dbmigrate_generated.go:194.2,196.15 3 2
github.com/stellar/go/exp/services/recoverysigner/internal/db/dbmigrate/dbmigrate_generated.go:190.16,192.3 1 0
github.com/stellar/go/exp/services/recoverysigner/internal/db/dbmigrate/dbmigrate_generated.go:201.78,206.2 1 2
github.com/stellar/go/exp/services/recoverysigner/internal/db/dbmigrate/dbmigrate_generated.go:208.73,210.16 2 2
github.com/stellar/go/exp/services/recoverysigner/internal/db/dbmigrate/dbmigrate_generated.go:214.2,216.15 3 2
github.com/stellar/go/exp/services/recoverysigner/internal/db/dbmigrate/dbmigrate_generated.go:210.16,212.3 1 0
github.com/stellar/go/exp/services/recoverysigner/internal/db/dbmigrate/dbmigrate_generated.go:221.79,226.2 1 2
github.com/stellar/go/exp/services/recoverysigner/internal/db/dbmigrate/dbmigrate_generated.go:228.74,230.16 2 2
github.com/stellar/go/exp/services/recoverysigner/internal/db/dbmigrate/dbmigrate_generated.go:234.2,236.15 3 2
github.com/stellar/go/exp/services/recoverysigner/internal/db/dbmigrate/dbmigrate_generated.go:230.16,232.3 1 0
github.com/stellar/go/exp/services/recoverysigner/internal/db/dbmigrate/dbmigrate_generated.go:242.41,244.42 2 10
github.com/stellar/go/exp/services/recoverysigner/internal/db/dbmigrate/dbmigrate_generated.go:251.2,251.52 1 2
github.com/stellar/go/exp/services/recoverysigner/internal/db/dbmigrate/dbmigrate_generated.go:244.42,246.17 2 8
github.com/stellar/go/exp/services/recoverysigner/internal/db/dbmigrate/dbmigrate_generated.go:249.3,249.22 1 8
github.com/stellar/go/exp/services/recoverysigner/internal/db/dbmigrate/dbmigrate_generated.go:246.17,248.4 1 0
github.com/stellar/go/exp/services/recoverysigner/internal/db/dbmigrate/dbmigrate_generated.go:255.47,258.2 2 0
github.com/stellar/go/exp/services/recoverysigner/internal/db/dbmigrate/dbmigrate_generated.go:262.36,264.16 2 0
github.com/stellar/go/exp/services/recoverysigner/internal/db/dbmigrate/dbmigrate_generated.go:268.2,268.10 1 0
github.com/stellar/go/exp/services/recoverysigner/internal/db/dbmigrate/dbmigrate_generated.go:264.16,265.54 1 0
github.com/stellar/go/exp/services/recoverysigner/internal/db/dbmigrate/dbmigrate_generated.go:273.42,275.2 1 0
github.com/stellar/go/exp/services/recoverysigner/internal/db/dbmigrate/dbmigrate_generated.go:280.50,282.42 2 8
github.com/stellar/go/exp/services/recoverysigner/internal/db/dbmigrate/dbmigrate_generated.go:289.2,289.56 1 0
github.com/stellar/go/exp/services/recoverysigner/internal/db/dbmigrate/dbmigrate_generated.go:282.42,284.17 2 8
github.com/stellar/go/exp/services/recoverysigner/internal/db/dbmigrate/dbmigrate_generated.go:287.3,287.21 1 8
github.com/stellar/go/exp/services/recoverysigner/internal/db/dbmigrate/dbmigrate_generated.go:284.17,286.4 1 0
github.com/stellar/go/exp/services/recoverysigner/internal/db/dbmigrate/dbmigrate_generated.go:294.58,296.42 2 0
github.com/stellar/go/exp/services/recoverysigner/internal/db/dbmigrate/dbmigrate_generated.go:303.2,303.74 1 0
github.com/stellar/go/exp/services/recoverysigner/internal/db/dbmigrate/dbmigrate_generated.go:296.42,298.17 2 0
github.com/stellar/go/exp/services/recoverysigner/internal/db/dbmigrate/dbmigrate_generated.go:301.3,301.23 1 0
github.com/stellar/go/exp/services/recoverysigner/internal/db/dbmigrate/dbmigrate_generated.go:298.17,300.4 1 0
github.com/stellar/go/exp/services/recoverysigner/internal/db/dbmigrate/dbmigrate_generated.go:307.54,309.29 2 0
github.com/stellar/go/exp/services/recoverysigner/internal/db/dbmigrate/dbmigrate_generated.go:316.2,316.16 1 0
github.com/stellar/go/exp/services/recoverysigner/internal/db/dbmigrate/dbmigrate_generated.go:309.29,311.17 2 0
github.com/stellar/go/exp/services/recoverysigner/internal/db/dbmigrate/dbmigrate_generated.go:314.3,314.22 1 0
github.com/stellar/go/exp/services/recoverysigner/internal/db/dbmigrate/dbmigrate_generated.go:311.17,313.4 1 0
github.com/stellar/go/exp/services/recoverysigner/internal/db/dbmigrate/dbmigrate_generated.go:320.28,322.29 2 0
github.com/stellar/go/exp/services/recoverysigner/internal/db/dbmigrate/dbmigrate_generated.go:325.2,325.14 1 0
github.com/stellar/go/exp/services/recoverysigner/internal/db/dbmigrate/dbmigrate_generated.go:322.29,324.3 1 0
github.com/stellar/go/exp/services/recoverysigner/internal/db/dbmigrate/dbmigrate_generated.go:353.46,355.20 2 11
github.com/stellar/go/exp/services/recoverysigner/internal/db/dbmigrate/dbmigrate_generated.go:365.2,365.22 1 11
github.com/stellar/go/exp/services/recoverysigner/internal/db/dbmigrate/dbmigrate_generated.go:368.2,369.39 2 3
github.com/stellar/go/exp/services/recoverysigner/internal/db/dbmigrate/dbmigrate_generated.go:372.2,372.16 1 3
github.com/stellar/go/exp/services/recoverysigner/internal/db/dbmigrate/dbmigrate_generated.go:355.20,358.30 3 10
github.com/stellar/go/exp/services/recoverysigner/internal/db/dbmigrate/dbmigrate_generated.go:358.30,360.19 2 18
github.com/stellar/go/exp/services/recoverysigner/internal/db/dbmigrate/dbmigrate_generated.go:360.19,362.5 1 0
github.com/stellar/go/exp/services/recoverysigner/internal/db/dbmigrate/dbmigrate_generated.go:365.22,367.3 1 8
github.com/stellar/go/exp/services/recoverysigner/internal/db/dbmigrate/dbmigrate_generated.go:369.39,371.3 1 17
github.com/stellar/go/exp/services/recoverysigner/internal/db/dbmigrate/dbmigrate_generated.go:394.43,396.16 2 0
github.com/stellar/go/exp/services/recoverysigner/internal/db/dbmigrate/dbmigrate_generated.go:399.2,400.16 2 0
github.com/stellar/go/exp/services/recoverysigner/internal/db/dbmigrate/dbmigrate_generated.go:403.2,404.16 2 0
github.com/stellar/go/exp/services/recoverysigner/internal/db/dbmigrate/dbmigrate_generated.go:407.2,408.16 2 0
github.com/stellar/go/exp/services/recoverysigner/internal/db/dbmigrate/dbmigrate_generated.go:411.2,411.73 1 0
github.com/stellar/go/exp/services/recoverysigner/internal/db/dbmigrate/dbmigrate_generated.go:396.16,398.3 1 0
github.com/stellar/go/exp/services/recoverysigner/internal/db/dbmigrate/dbmigrate_generated.go:400.16,402.3 1 0
github.com/stellar/go/exp/services/recoverysigner/internal/db/dbmigrate/dbmigrate_generated.go:404.16,406.3 1 0
github.com/stellar/go/exp/services/recoverysigner/internal/db/dbmigrate/dbmigrate_generated.go:408.16,410.3 1 0
github.com/stellar/go/exp/services/recoverysigner/internal/db/dbmigrate/dbmigrate_generated.go:415.44,418.16 2 0
github.com/stellar/go/exp/services/recoverysigner/internal/db/dbmigrate/dbmigrate_generated.go:422.2,422.33 1 0
github.com/stellar/go/exp/services/recoverysigner/internal/db/dbmigrate/dbmigrate_generated.go:428.2,428.12 1 0
github.com/stellar/go/exp/services/recoverysigner/internal/db/dbmigrate/dbmigrate_generated.go:418.16,420.3 1 0
github.com/stellar/go/exp/services/recoverysigner/internal/db/dbmigrate/dbmigrate_generated.go:422.33,424.17 2 0
github.com/stellar/go/exp/services/recoverysigner/internal/db/dbmigrate/dbmigrate_generated.go:424.17,426.4 1 0
github.com/stellar/go/exp/services/recoverysigner/internal/db/dbmigrate/dbmigrate_generated.go:431.41,434.2 2 0
github.com/stellar/go/clients/federation/client.go:20.76,22.16 2 7
github.com/stellar/go/clients/federation/client.go:26.2,27.16 2 7
github.com/stellar/go/clients/federation/client.go:31.2,38.16 7 6
github.com/stellar/go/clients/federation/client.go:42.2,42.53 1 3
github.com/stellar/go/clients/federation/client.go:46.2,46.19 1 3
github.com/stellar/go/clients/federation/client.go:22.16,24.3 1 0
github.com/stellar/go/clients/federation/client.go:27.16,29.3 1 1
github.com/stellar/go/clients/federation/client.go:38.16,40.3 1 3
github.com/stellar/go/clients/federation/client.go:42.53,44.3 1 0
github.com/stellar/go/clients/federation/client.go:52.75,55.16 2 1
github.com/stellar/go/clients/federation/client.go:59.2,59.18 1 0
github.com/stellar/go/clients/federation/client.go:63.2,64.16 2 0
github.com/stellar/go/clients/federation/client.go:68.2,75.16 7 0
github.com/stellar/go/clients/federation/client.go:79.2,79.19 1 0
github.com/stellar/go/clients/federation/client.go:55.16,57.3 1 1
github.com/stellar/go/clients/federation/client.go:59.18,61.3 1 0
github.com/stellar/go/clients/federation/client.go:64.16,66.3 1 0
github.com/stellar/go/clients/federation/client.go:75.16,77.3 1 0
github.com/stellar/go/clients/federation/client.go:84.96,86.16 2 1
github.com/stellar/go/clients/federation/client.go:90.2,95.16 5 1
github.com/stellar/go/clients/federation/client.go:99.2,99.53 1 1
github.com/stellar/go/clients/federation/client.go:103.2,103.19 1 1
github.com/stellar/go/clients/federation/client.go:86.16,88.3 1 0
github.com/stellar/go/clients/federation/client.go:95.16,97.3 1 0
github.com/stellar/go/clients/federation/client.go:99.53,101.3 1 0
github.com/stellar/go/clients/federation/client.go:106.69,108.16 2 8
github.com/stellar/go/clients/federation/client.go:112.2,112.34 1 7
github.com/stellar/go/clients/federation/client.go:116.2,116.76 1 7
github.com/stellar/go/clients/federation/client.go:120.2,120.36 1 7
github.com/stellar/go/clients/federation/client.go:108.16,110.3 1 1
github.com/stellar/go/clients/federation/client.go:112.34,114.3 1 0
github.com/stellar/go/clients/federation/client.go:116.76,118.3 1 0
github.com/stellar/go/clients/federation/client.go:125.62,127.16 2 7
github.com/stellar/go/clients/federation/client.go:131.2,133.58 2 6
github.com/stellar/go/clients/federation/client.go:137.2,140.74 3 5
github.com/stellar/go/clients/federation/client.go:144.2,144.16 1 4
github.com/stellar/go/clients/federation/client.go:148.2,148.12 1 4
github.com/stellar/go/clients/federation/client.go:127.16,129.3 1 1
github.com/stellar/go/clients/federation/client.go:133.58,135.3 1 1
github.com/stellar/go/clients/federation/client.go:140.74,142.3 1 1
github.com/stellar/go/clients/federation/client.go:144.16,146.3 1 0
github.com/stellar/go/clients/federation/client.go:151.63,153.2 1 9
github.com/stellar/go/exp/services/captivecore/internal/server.go:19.3,20.16 1 11
github.com/stellar/go/exp/services/captivecore/internal/server.go:26.2,27.60 2 8
github.com/stellar/go/exp/services/captivecore/internal/server.go:20.16,24.3 3 3
github.com/stellar/go/exp/services/captivecore/internal/server.go:27.60,30.3 2 0
github.com/stellar/go/exp/services/captivecore/internal/server.go:38.47,41.75 2 8
github.com/stellar/go/exp/services/captivecore/internal/server.go:46.2,46.77 1 8
github.com/stellar/go/exp/services/captivecore/internal/server.go:58.2,58.74 1 8
github.com/stellar/go/exp/services/captivecore/internal/server.go:70.2,70.12 1 8
github.com/stellar/go/exp/services/captivecore/internal/server.go:41.75,44.3 2 2
github.com/stellar/go/exp/services/captivecore/internal/server.go:46.77,48.52 2 3
github.com/stellar/go/exp/services/captivecore/internal/server.go:54.3,55.50 2 2
github.com/stellar/go/exp/services/captivecore/internal/server.go:48.52,52.4 3 1
github.com/stellar/go/exp/services/captivecore/internal/server.go:58.74,60.70 2 7
github.com/stellar/go/exp/services/captivecore/internal/server.go:66.3,67.50 2 7
github.com/stellar/go/exp/services/captivecore/internal/server.go:60.70,64.4 3 0
github.com/stellar/go/exp/services/captivecore/internal/api.go:43.89,53.2 2 24
github.com/stellar/go/exp/services/captivecore/internal/api.go:57.37,64.2 5 2
github.com/stellar/go/exp/services/captivecore/internal/api.go:66.77,73.24 5 21
github.com/stellar/go/exp/services/captivecore/internal/api.go:77.2,77.74 1 20
github.com/stellar/go/exp/services/captivecore/internal/api.go:86.2,86.27 1 16
github.com/stellar/go/exp/services/captivecore/internal/api.go:91.2,91.16 1 14
github.com/stellar/go/exp/services/captivecore/internal/api.go:98.2,99.86 2 13
github.com/stellar/go/exp/services/captivecore/internal/api.go:73.24,75.3 1 1
github.com/stellar/go/exp/services/captivecore/internal/api.go:77.74,84.3 2 4
github.com/stellar/go/exp/services/captivecore/internal/api.go:86.27,89.3 2 2
github.com/stellar/go/exp/services/captivecore/internal/api.go:91.16,96.3 4 1
github.com/stellar/go/exp/services/captivecore/internal/api.go:103.116,106.24 3 30
github.com/stellar/go/exp/services/captivecore/internal/api.go:110.2,110.82 1 28
github.com/stellar/go/exp/services/captivecore/internal/api.go:134.2,139.8 1 7
github.com/stellar/go/exp/services/captivecore/internal/api.go:106.24,108.3 1 2
github.com/stellar/go/exp/services/captivecore/internal/api.go:110.82,111.28 1 21
github.com/stellar/go/exp/services/captivecore/internal/api.go:118.3,131.9 7 21
github.com/stellar/go/exp/services/captivecore/internal/api.go:111.28,116.4 1 3
github.com/stellar/go/exp/services/captivecore/internal/api.go:143.104,147.28 3 6
github.com/stellar/go/exp/services/captivecore/internal/api.go:150.2,150.28 1 5
github.com/stellar/go/exp/services/captivecore/internal/api.go:154.2,155.71 2 4
github.com/stellar/go/exp/services/captivecore/internal/api.go:147.28,149.3 1 1
github.com/stellar/go/exp/services/captivecore/internal/api.go:150.28,152.3 1 1
github.com/stellar/go/exp/services/captivecore/internal/api.go:159.91,163.28 3 6
github.com/stellar/go/exp/services/captivecore/internal/api.go:166.2,166.28 1 5
github.com/stellar/go/exp/services/captivecore/internal/api.go:170.2,174.8 2 4
github.com/stellar/go/exp/services/captivecore/internal/api.go:163.28,165.3 1 1
github.com/stellar/go/exp/services/captivecore/internal/api.go:166.28,168.3 1 1
github.com/stellar/go/clients/horizonclient/asset_request.go:12.64,15.23 3 4
github.com/stellar/go/clients/horizonclient/asset_request.go:23.2,24.16 2 4
github.com/stellar/go/clients/horizonclient/asset_request.go:28.2,28.22 1 4
github.com/stellar/go/clients/horizonclient/asset_request.go:15.23,21.3 1 2
github.com/stellar/go/clients/horizonclient/asset_request.go:24.16,26.3 1 0
github.com/stellar/go/clients/horizonclient/claimable_balance_request.go:12.76,18.17 3 0
github.com/stellar/go/clients/horizonclient/claimable_balance_request.go:22.2,22.18 1 0
github.com/stellar/go/clients/horizonclient/claimable_balance_request.go:36.2,37.16 2 0
github.com/stellar/go/clients/horizonclient/claimable_balance_request.go:41.2,41.22 1 0
github.com/stellar/go/clients/horizonclient/claimable_balance_request.go:18.17,20.3 1 0
github.com/stellar/go/clients/horizonclient/claimable_balance_request.go:22.18,24.3 1 0
github.com/stellar/go/clients/horizonclient/claimable_balance_request.go:24.8,34.3 2 0
github.com/stellar/go/clients/horizonclient/claimable_balance_request.go:37.16,39.3 1 0
github.com/stellar/go/clients/horizonclient/fee_stats_request.go:6.67,8.20 2 1
github.com/stellar/go/clients/horizonclient/fee_stats_request.go:12.2,12.8 1 1
github.com/stellar/go/clients/horizonclient/fee_stats_request.go:8.20,10.3 1 0
github.com/stellar/go/clients/horizonclient/strict_send_paths_request.go:11.74,25.23 10 6
github.com/stellar/go/clients/horizonclient/strict_send_paths_request.go:29.2,30.16 2 6
github.com/stellar/go/clients/horizonclient/strict_send_paths_request.go:34.2,34.22 1 6
github.com/stellar/go/clients/horizonclient/strict_send_paths_request.go:25.23,27.3 1 5
github.com/stellar/go/clients/horizonclient/strict_send_paths_request.go:30.16,32.3 1 0
github.com/stellar/go/clients/horizonclient/effect_request.go:18.65,21.17 2 16
github.com/stellar/go/clients/horizonclient/effect_request.go:25.2,27.25 2 14
github.com/stellar/go/clients/horizonclient/effect_request.go:31.2,31.24 1 14
github.com/stellar/go/clients/horizonclient/effect_request.go:35.2,35.27 1 14
github.com/stellar/go/clients/horizonclient/effect_request.go:39.2,39.29 1 14
github.com/stellar/go/clients/horizonclient/effect_request.go:43.2,44.23 2 14
github.com/stellar/go/clients/horizonclient/effect_request.go:48.2,49.16 2 14
github.com/stellar/go/clients/horizonclient/effect_request.go:53.2,53.22 1 14
github.com/stellar/go/clients/horizonclient/effect_request.go:21.17,23.3 1 2
github.com/stellar/go/clients/horizonclient/effect_request.go:27.25,29.3 1 6
github.com/stellar/go/clients/horizonclient/effect_request.go:31.24,33.3 1 1
github.com/stellar/go/clients/horizonclient/effect_request.go:35.27,37.3 1 1
github.com/stellar/go/clients/horizonclient/effect_request.go:39.29,41.3 1 1
github.com/stellar/go/clients/horizonclient/effect_request.go:44.23,46.3 1 1
github.com/stellar/go/clients/horizonclient/effect_request.go:49.16,51.3 1 0
github.com/stellar/go/clients/horizonclient/effect_request.go:59.105,61.16 2 3
github.com/stellar/go/clients/horizonclient/effect_request.go:65.2,66.57 2 3
github.com/stellar/go/clients/horizonclient/effect_request.go:61.16,63.3 1 0
github.com/stellar/go/clients/horizonclient/effect_request.go:66.57,69.58 2 2
github.com/stellar/go/clients/horizonclient/effect_request.go:74.3,75.17 2 2
github.com/stellar/go/clients/horizonclient/effect_request.go:79.3,80.13 2 2
github.com/stellar/go/clients/horizonclient/effect_request.go:69.58,71.4 1 0
github.com/stellar/go/clients/horizonclient/effect_request.go:75.17,77.4 1 0
github.com/stellar/go/clients/horizonclient/operation_request.go:15.68,18.17 2 20
github.com/stellar/go/clients/horizonclient/operation_request.go:22.2,22.23 1 18
github.com/stellar/go/clients/horizonclient/operation_request.go:26.2,27.25 2 18
github.com/stellar/go/clients/horizonclient/operation_request.go:30.2,30.22 1 18
github.com/stellar/go/clients/horizonclient/operation_request.go:33.2,33.29 1 18
github.com/stellar/go/clients/horizonclient/operation_request.go:36.2,36.29 1 18
github.com/stellar/go/clients/horizonclient/operation_request.go:40.2,42.23 2 18
github.com/stellar/go/clients/horizonclient/operation_request.go:46.2,47.16 2 18
github.com/stellar/go/clients/horizonclient/operation_request.go:51.2,51.22 1 18
github.com/stellar/go/clients/horizonclient/operation_request.go:18.17,20.3 1 2
github.com/stellar/go/clients/horizonclient/operation_request.go:22.23,24.3 1 0
github.com/stellar/go/clients/horizonclient/operation_request.go:27.25,29.3 1 4
github.com/stellar/go/clients/horizonclient/operation_request.go:30.22,32.3 1 1
github.com/stellar/go/clients/horizonclient/operation_request.go:33.29,35.3 1 3
github.com/stellar/go/clients/horizonclient/operation_request.go:36.29,38.3 1 1
github.com/stellar/go/clients/horizonclient/operation_request.go:42.23,44.3 1 7
github.com/stellar/go/clients/horizonclient/operation_request.go:47.16,49.3 1 0
github.com/stellar/go/clients/horizonclient/operation_request.go:55.76,56.28 1 9
github.com/stellar/go/clients/horizonclient/operation_request.go:62.2,62.11 1 9
github.com/stellar/go/clients/horizonclient/operation_request.go:56.28,58.3 1 2
github.com/stellar/go/clients/horizonclient/operation_request.go:58.8,61.3 1 7
github.com/stellar/go/clients/horizonclient/operation_request.go:66.69,68.2 1 2
github.com/stellar/go/clients/horizonclient/operation_request.go:71.71,73.2 1 7
github.com/stellar/go/clients/horizonclient/operation_request.go:82.114,84.16 2 3
github.com/stellar/go/clients/horizonclient/operation_request.go:88.2,89.57 2 3
github.com/stellar/go/clients/horizonclient/operation_request.go:84.16,86.3 1 0
github.com/stellar/go/clients/horizonclient/operation_request.go:89.57,92.58 2 2
github.com/stellar/go/clients/horizonclient/operation_request.go:96.3,97.17 2 2
github.com/stellar/go/clients/horizonclient/operation_request.go:101.3,102.13 2 2
github.com/stellar/go/clients/horizonclient/operation_request.go:92.58,94.4 1 0
github.com/stellar/go/clients/horizonclient/operation_request.go:97.17,99.4 1 0
github.com/stellar/go/clients/horizonclient/submit_request.go:11.65,12.50 1 17
github.com/stellar/go/clients/horizonclient/submit_request.go:16.2,20.22 4 16
github.com/stellar/go/clients/horizonclient/submit_request.go:12.50,14.3 1 1
github.com/stellar/go/clients/horizonclient/trade_request.go:15.64,18.17 2 14
github.com/stellar/go/clients/horizonclient/trade_request.go:22.2,23.25 2 12
github.com/stellar/go/clients/horizonclient/trade_request.go:31.2,31.25 1 12
github.com/stellar/go/clients/horizonclient/trade_request.go:35.2,37.26 2 12
github.com/stellar/go/clients/horizonclient/trade_request.go:53.2,53.23 1 12
github.com/stellar/go/clients/horizonclient/trade_request.go:57.2,58.16 2 12
github.com/stellar/go/clients/horizonclient/trade_request.go:62.2,62.22 1 12
github.com/stellar/go/clients/horizonclient/trade_request.go:18.17,20.3 1 2
github.com/stellar/go/clients/horizonclient/trade_request.go:23.25,25.3 1 4
github.com/stellar/go/clients/horizonclient/trade_request.go:31.25,33.3 1 2
github.com/stellar/go/clients/horizonclient/trade_request.go:37.26,39.3 1 6
github.com/stellar/go/clients/horizonclient/trade_request.go:39.8,51.3 9 6
github.com/stellar/go/clients/horizonclient/trade_request.go:53.23,55.3 1 3
github.com/stellar/go/clients/horizonclient/trade_request.go:58.16,60.3 1 0
github.com/stellar/go/clients/horizonclient/trade_request.go:72.36,74.16 2 4
github.com/stellar/go/clients/horizonclient/trade_request.go:78.2,80.57 2 4
github.com/stellar/go/clients/horizonclient/trade_request.go:74.16,76.3 1 0
github.com/stellar/go/clients/horizonclient/trade_request.go:80.57,83.17 3 3
github.com/stellar/go/clients/horizonclient/trade_request.go:86.3,87.13 2 3
github.com/stellar/go/clients/horizonclient/trade_request.go:83.17,85.4 1 0
github.com/stellar/go/clients/horizonclient/accounts_request.go:13.66,17.18 2 6
github.com/stellar/go/clients/horizonclient/accounts_request.go:21.2,21.18 1 6
github.com/stellar/go/clients/horizonclient/accounts_request.go:25.2,25.16 1 6
github.com/stellar/go/clients/horizonclient/accounts_request.go:28.2,29.9 2 4
github.com/stellar/go/clients/horizonclient/accounts_request.go:37.2,42.98 2 4
github.com/stellar/go/clients/horizonclient/accounts_request.go:50.2,51.16 2 4
github.com/stellar/go/clients/horizonclient/accounts_request.go:55.2,55.22 1 4
github.com/stellar/go/clients/horizonclient/accounts_request.go:17.18,19.3 1 1
github.com/stellar/go/clients/horizonclient/accounts_request.go:21.18,23.3 1 1
github.com/stellar/go/clients/horizonclient/accounts_request.go:25.16,27.3 1 2
github.com/stellar/go/clients/horizonclient/accounts_request.go:30.25,31.32 1 3
github.com/stellar/go/clients/horizonclient/accounts_request.go:33.24,34.30 1 1
github.com/stellar/go/clients/horizonclient/accounts_request.go:42.98,48.3 1 1
github.com/stellar/go/clients/horizonclient/accounts_request.go:51.16,53.3 1 0
github.com/stellar/go/clients/horizonclient/error.go:11.34,13.2 1 11
github.com/stellar/go/clients/horizonclient/error.go:17.65,19.16 2 3
github.com/stellar/go/clients/horizonclient/error.go:23.2,25.55 3 2
github.com/stellar/go/clients/horizonclient/error.go:19.16,21.3 1 1
github.com/stellar/go/clients/horizonclient/error.go:30.50,32.9 2 3
github.com/stellar/go/clients/horizonclient/error.go:36.2,38.9 3 2
github.com/stellar/go/clients/horizonclient/error.go:42.2,42.17 1 2
github.com/stellar/go/clients/horizonclient/error.go:32.9,34.3 1 1
github.com/stellar/go/clients/horizonclient/error.go:38.9,40.3 1 0
github.com/stellar/go/clients/horizonclient/error.go:46.51,48.9 2 3
github.com/stellar/go/clients/horizonclient/error.go:52.2,53.9 2 2
github.com/stellar/go/clients/horizonclient/error.go:57.2,57.17 1 1
github.com/stellar/go/clients/horizonclient/error.go:48.9,50.3 1 1
github.com/stellar/go/clients/horizonclient/error.go:53.9,55.3 1 1
github.com/stellar/go/clients/horizonclient/error.go:61.77,64.9 2 3
github.com/stellar/go/clients/horizonclient/error.go:69.2,70.16 2 2
github.com/stellar/go/clients/horizonclient/error.go:74.2,75.59 2 2
github.com/stellar/go/clients/horizonclient/error.go:79.2,79.21 1 1
github.com/stellar/go/clients/horizonclient/error.go:64.9,66.3 1 1
github.com/stellar/go/clients/horizonclient/error.go:70.16,72.3 1 0
github.com/stellar/go/clients/horizonclient/error.go:75.59,77.3 1 1
github.com/stellar/go/clients/horizonclient/error_helpers.go:8.38,12.27 3 11
github.com/stellar/go/clients/horizonclient/error_helpers.go:19.2,19.17 1 11
github.com/stellar/go/clients/horizonclient/error_helpers.go:23.2,23.76 1 8
github.com/stellar/go/clients/horizonclient/error_helpers.go:13.14,14.13 1 5
github.com/stellar/go/clients/horizonclient/error_helpers.go:15.13,16.14 1 4
github.com/stellar/go/clients/horizonclient/error_helpers.go:19.17,21.3 1 3
[...]
github.com/stellar/go/txnbuild/set_options.go:115.20,118.3 2 1
github.com/stellar/go/txnbuild/set_options.go:123.40,125.35 2 19
github.com/stellar/go/txnbuild/set_options.go:128.2,128.26 1 19
github.com/stellar/go/txnbuild/set_options.go:125.35,127.3 1 26
github.com/stellar/go/txnbuild/set_options.go:128.26,130.3 1 9
github.com/stellar/go/txnbuild/set_options.go:135.60,136.18 1 1
github.com/stellar/go/txnbuild/set_options.go:136.18,137.79 1 1
github.com/stellar/go/txnbuild/set_options.go:137.79,138.34 1 3
github.com/stellar/go/txnbuild/set_options.go:138.34,140.5 1 3
github.com/stellar/go/txnbuild/set_options.go:147.42,149.37 2 19
github.com/stellar/go/txnbuild/set_options.go:152.2,152.28 1 19
github.com/stellar/go/txnbuild/set_options.go:149.37,151.3 1 23
github.com/stellar/go/txnbuild/set_options.go:152.28,154.3 1 8
github.com/stellar/go/txnbuild/set_options.go:159.62,160.18 1 1
github.com/stellar/go/txnbuild/set_options.go:160.18,161.79 1 1
github.com/stellar/go/txnbuild/set_options.go:161.79,162.34 1 3
github.com/stellar/go/txnbuild/set_options.go:162.34,164.5 1 2
github.com/stellar/go/txnbuild/set_options.go:171.44,172.28 1 13
github.com/stellar/go/txnbuild/set_options.go:172.28,175.3 2 2
github.com/stellar/go/txnbuild/set_options.go:180.65,181.19 1 1
github.com/stellar/go/txnbuild/set_options.go:181.19,184.3 2 1
github.com/stellar/go/txnbuild/set_options.go:189.44,190.28 1 13
github.com/stellar/go/txnbuild/set_options.go:190.28,193.3 2 2
github.com/stellar/go/txnbuild/set_options.go:198.65,199.19 1 1
github.com/stellar/go/txnbuild/set_options.go:199.19,202.3 2 1
github.com/stellar/go/txnbuild/set_options.go:207.47,208.31 1 13
github.com/stellar/go/txnbuild/set_options.go:208.31,211.3 2 2
github.com/stellar/go/txnbuild/set_options.go:216.68,217.19 1 1
github.com/stellar/go/txnbuild/set_options.go:217.19,220.3 2 1
github.com/stellar/go/txnbuild/set_options.go:225.45,226.29 1 13
github.com/stellar/go/txnbuild/set_options.go:226.29,229.3 2 2
github.com/stellar/go/txnbuild/set_options.go:234.66,235.19 1 1
github.com/stellar/go/txnbuild/set_options.go:235.19,238.3 2 1
github.com/stellar/go/txnbuild/set_options.go:243.48,244.26 1 13
github.com/stellar/go/txnbuild/set_options.go:252.2,252.12 1 12
github.com/stellar/go/txnbuild/set_options.go:244.26,245.31 1 4
github.com/stellar/go/txnbuild/set_options.go:248.3,249.39 2 3
github.com/stellar/go/txnbuild/set_options.go:245.31,247.4 1 1
github.com/stellar/go/txnbuild/set_options.go:257.66,258.20 1 1
github.com/stellar/go/txnbuild/set_options.go:258.20,261.3 2 1
github.com/stellar/go/txnbuild/set_options.go:266.50,267.22 1 12
github.com/stellar/go/txnbuild/set_options.go:278.2,278.12 1 12
github.com/stellar/go/txnbuild/set_options.go:267.22,272.17 5 4
github.com/stellar/go/txnbuild/set_options.go:276.3,276.31 1 4
github.com/stellar/go/txnbuild/set_options.go:272.17,274.4 1 0
github.com/stellar/go/txnbuild/set_options.go:283.60,284.20 1 1
github.com/stellar/go/txnbuild/set_options.go:284.20,289.3 4 1
github.com/stellar/go/txnbuild/set_options.go:293.58,295.9 2 1
github.com/stellar/go/txnbuild/set_options.go:299.2,310.12 11 1
github.com/stellar/go/txnbuild/set_options.go:295.9,297.3 1 0
github.com/stellar/go/txnbuild/set_options.go:315.40,319.2 1 12
github.com/stellar/go/txnbuild/set_options.go:323.50,325.2 1 0
github.com/stellar/go/txnbuild/account_merge.go:16.59,20.16 3 3
github.com/stellar/go/txnbuild/account_merge.go:24.2,26.16 3 3
github.com/stellar/go/txnbuild/account_merge.go:29.2,31.16 3 3
github.com/stellar/go/txnbuild/account_merge.go:20.16,22.3 1 0
github.com/stellar/go/txnbuild/account_merge.go:26.16,28.3 1 0
github.com/stellar/go/txnbuild/account_merge.go:35.60,36.54 1 1
github.com/stellar/go/txnbuild/account_merge.go:40.2,41.35 2 1
github.com/stellar/go/txnbuild/account_merge.go:46.2,46.12 1 1
github.com/stellar/go/txnbuild/account_merge.go:36.54,38.3 1 0
github.com/stellar/go/txnbuild/account_merge.go:41.35,44.3 2 1
github.com/stellar/go/txnbuild/account_merge.go:51.42,53.16 2 4
github.com/stellar/go/txnbuild/account_merge.go:56.2,56.12 1 3
github.com/stellar/go/txnbuild/account_merge.go:53.16,55.3 1 1
github.com/stellar/go/txnbuild/account_merge.go:61.52,63.2 1 0
github.com/stellar/go/txnbuild/asset.go:34.52,36.2 1 0
github.com/stellar/go/txnbuild/asset.go:39.39,39.54 1 69
github.com/stellar/go/txnbuild/asset.go:42.40,42.53 1 0
github.com/stellar/go/txnbuild/asset.go:45.42,45.55 1 0
github.com/stellar/go/txnbuild/asset.go:48.50,51.16 3 41
github.com/stellar/go/txnbuild/asset.go:54.2,54.22 1 41
github.com/stellar/go/txnbuild/asset.go:51.16,53.3 1 0
github.com/stellar/go/txnbuild/asset.go:64.52,65.9 1 80
github.com/stellar/go/txnbuild/asset.go:66.46,67.39 1 66
github.com/stellar/go/txnbuild/asset.go:68.47,69.40 1 3
github.com/stellar/go/txnbuild/asset.go:70.10,71.103 1 11
github.com/stellar/go/txnbuild/asset.go:76.39,76.55 1 81
github.com/stellar/go/txnbuild/asset.go:79.40,79.58 1 14
github.com/stellar/go/txnbuild/asset.go:82.42,82.62 1 63
github.com/stellar/go/txnbuild/asset.go:85.50,90.16 4 48
github.com/stellar/go/txnbuild/asset.go:94.2,95.16 2 48
github.com/stellar/go/txnbuild/asset.go:99.2,99.22 1 46
github.com/stellar/go/txnbuild/asset.go:90.16,92.3 1 0
github.com/stellar/go/txnbuild/asset.go:95.16,97.3 1 2
github.com/stellar/go/txnbuild/asset.go:103.52,104.21 1 31
github.com/stellar/go/txnbuild/asset.go:117.2,117.41 1 0
github.com/stellar/go/txnbuild/asset.go:105.36,106.28 1 14
github.com/stellar/go/txnbuild/asset.go:107.45,110.51 2 14
github.com/stellar/go/txnbuild/asset.go:111.46,114.52 2 3
github.com/stellar/go/txnbuild/timebounds.go:30.40,31.18 1 227
github.com/stellar/go/txnbuild/timebounds.go:34.2,34.20 1 226
github.com/stellar/go/txnbuild/timebounds.go:38.2,38.20 1 225
github.com/stellar/go/txnbuild/timebounds.go:42.2,42.35 1 224
github.com/stellar/go/txnbuild/timebounds.go:48.2,48.12 1 223
github.com/stellar/go/txnbuild/timebounds.go:31.18,33.3 1 1
github.com/stellar/go/txnbuild/timebounds.go:34.20,36.3 1 1
github.com/stellar/go/txnbuild/timebounds.go:38.20,40.3 1 1
github.com/stellar/go/txnbuild/timebounds.go:42.35,43.30 1 61
github.com/stellar/go/txnbuild/timebounds.go:43.30,45.4 1 1
github.com/stellar/go/txnbuild/timebounds.go:53.55,55.2 1 86
github.com/stellar/go/txnbuild/timebounds.go:61.43,63.2 1 53
github.com/stellar/go/txnbuild/timebounds.go:69.38,71.2 1 161
github.com/stellar/go/txnbuild/allow_trust.go:21.57,26.16 3 4
github.com/stellar/go/txnbuild/allow_trust.go:31.2,31.24 1 4
github.com/stellar/go/txnbuild/allow_trust.go:36.2,39.16 3 4
github.com/stellar/go/txnbuild/allow_trust.go:44.2,44.18 1 4
github.com/stellar/go/txnbuild/allow_trust.go:50.2,52.16 3 4
github.com/stellar/go/txnbuild/allow_trust.go:55.2,57.16 3 4
github.com/stellar/go/txnbuild/allow_trust.go:26.16,28.3 1 0
github.com/stellar/go/txnbuild/allow_trust.go:31.24,33.3 1 0
github.com/stellar/go/txnbuild/allow_trust.go:39.16,41.3 1 0
github.com/stellar/go/txnbuild/allow_trust.go:44.18,46.3 1 4
github.com/stellar/go/txnbuild/allow_trust.go:46.8,46.46 1 0
github.com/stellar/go/txnbuild/allow_trust.go:46.46,48.3 1 0
github.com/stellar/go/txnbuild/allow_trust.go:52.16,54.3 1 0
github.com/stellar/go/txnbuild/allow_trust.go:61.58,63.9 2 1
github.com/stellar/go/txnbuild/allow_trust.go:67.2,73.64 6 1
github.com/stellar/go/txnbuild/allow_trust.go:77.2,77.65 1 1
github.com/stellar/go/txnbuild/allow_trust.go:82.2,82.12 1 1
github.com/stellar/go/txnbuild/allow_trust.go:63.9,65.3 1 0
github.com/stellar/go/txnbuild/allow_trust.go:73.64,76.3 2 0
github.com/stellar/go/txnbuild/allow_trust.go:77.65,80.3 2 1
github.com/stellar/go/txnbuild/allow_trust.go:87.40,89.16 2 6
github.com/stellar/go/txnbuild/allow_trust.go:93.2,94.16 2 5
github.com/stellar/go/txnbuild/allow_trust.go:97.2,97.12 1 4
github.com/stellar/go/txnbuild/allow_trust.go:89.16,91.3 1 1
github.com/stellar/go/txnbuild/allow_trust.go:94.16,96.3 1 1
github.com/stellar/go/txnbuild/allow_trust.go:102.50,104.2 1 0
github.com/stellar/go/txnbuild/bump_sequence.go:16.59,20.16 4 13
github.com/stellar/go/txnbuild/bump_sequence.go:23.2,25.16 3 13
github.com/stellar/go/txnbuild/bump_sequence.go:20.16,22.3 1 0
github.com/stellar/go/txnbuild/bump_sequence.go:29.60,31.9 2 5
github.com/stellar/go/txnbuild/bump_sequence.go:35.2,37.12 3 5
github.com/stellar/go/txnbuild/bump_sequence.go:31.9,33.3 1 0
github.com/stellar/go/txnbuild/bump_sequence.go:42.42,44.16 2 14
github.com/stellar/go/txnbuild/bump_sequence.go:47.2,47.12 1 13
github.com/stellar/go/txnbuild/bump_sequence.go:44.16,46.3 1 1
github.com/stellar/go/txnbuild/bump_sequence.go:52.52,54.2 1 0
github.com/stellar/go/txnbuild/operation.go:16.67,17.26 1 213
github.com/stellar/go/txnbuild/operation.go:20.2,22.39 3 95
github.com/stellar/go/txnbuild/operation.go:17.26,19.3 1 118
github.com/stellar/go/txnbuild/operation.go:26.63,28.25 2 88
github.com/stellar/go/txnbuild/operation.go:69.2,70.19 2 88
github.com/stellar/go/txnbuild/operation.go:29.38,30.27 1 2
github.com/stellar/go/txnbuild/operation.go:31.32,32.21 1 1
github.com/stellar/go/txnbuild/operation.go:33.49,34.25 1 0
github.com/stellar/go/txnbuild/operation.go:35.40,36.29 1 0
github.com/stellar/go/txnbuild/operation.go:37.47,38.36 1 0
github.com/stellar/go/txnbuild/operation.go:39.35,40.24 1 0
github.com/stellar/go/txnbuild/operation.go:41.36,42.25 1 1
github.com/stellar/go/txnbuild/operation.go:43.35,44.24 1 0
github.com/stellar/go/txnbuild/operation.go:45.37,46.26 1 0
github.com/stellar/go/txnbuild/operation.go:47.34,48.23 1 1
github.com/stellar/go/txnbuild/operation.go:49.35,50.24 1 67
github.com/stellar/go/txnbuild/operation.go:51.37,52.26 1 4
github.com/stellar/go/txnbuild/operation.go:53.39,54.28 1 0
github.com/stellar/go/txnbuild/operation.go:55.46,56.35 1 0
github.com/stellar/go/txnbuild/operation.go:57.54,58.43 1 1
github.com/stellar/go/txnbuild/operation.go:59.52,60.41 1 1
github.com/stellar/go/txnbuild/operation.go:61.47,62.36 1 2
github.com/stellar/go/txnbuild/operation.go:63.46,64.35 1 1
github.com/stellar/go/txnbuild/operation.go:65.42,66.31 1 7
github.com/stellar/go/txnbuild/operation.go:74.56,75.20 1 115
github.com/stellar/go/txnbuild/operation.go:79.2,79.12 1 33
github.com/stellar/go/txnbuild/operation.go:75.20,78.3 2 82
github.com/stellar/go/txnbuild/path_payment.go:28.71,30.25 1 4
github.com/stellar/go/txnbuild/path_payment.go:33.2,34.16 2 4
github.com/stellar/go/txnbuild/path_payment.go:39.2,40.16 2 4
github.com/stellar/go/txnbuild/path_payment.go:45.2,47.16 3 4
github.com/stellar/go/txnbuild/path_payment.go:52.2,52.25 1 4
github.com/stellar/go/txnbuild/path_payment.go:55.2,56.16 2 4
github.com/stellar/go/txnbuild/path_payment.go:61.2,62.16 2 4
github.com/stellar/go/txnbuild/path_payment.go:67.2,69.32 3 4
github.com/stellar/go/txnbuild/path_payment.go:77.2,87.16 4 4
github.com/stellar/go/txnbuild/path_payment.go:90.2,92.16 3 4
github.com/stellar/go/txnbuild/path_payment.go:30.25,32.3 1 0
github.com/stellar/go/txnbuild/path_payment.go:34.16,36.3 1 0
github.com/stellar/go/txnbuild/path_payment.go:40.16,42.3 1 0
github.com/stellar/go/txnbuild/path_payment.go:47.16,49.3 1 0
github.com/stellar/go/txnbuild/path_payment.go:52.25,54.3 1 0
github.com/stellar/go/txnbuild/path_payment.go:56.16,58.3 1 0
github.com/stellar/go/txnbuild/path_payment.go:62.16,64.3 1 0
github.com/stellar/go/txnbuild/path_payment.go:69.32,71.17 2 4
github.com/stellar/go/txnbuild/path_payment.go:74.3,74.42 1 4
github.com/stellar/go/txnbuild/path_payment.go:71.17,73.4 1 0
github.com/stellar/go/txnbuild/path_payment.go:87.16,89.3 1 0
github.com/stellar/go/txnbuild/path_payment.go:96.72,98.9 2 1
github.com/stellar/go/txnbuild/path_payment.go:102.2,109.16 7 1
github.com/stellar/go/txnbuild/path_payment.go:112.2,115.16 3 1
github.com/stellar/go/txnbuild/path_payment.go:118.2,121.32 3 1
github.com/stellar/go/txnbuild/path_payment.go:129.2,129.12 1 1
github.com/stellar/go/txnbuild/path_payment.go:98.9,100.3 1 0
github.com/stellar/go/txnbuild/path_payment.go:109.16,111.3 1 0
github.com/stellar/go/txnbuild/path_payment.go:115.16,117.3 1 0
github.com/stellar/go/txnbuild/path_payment.go:121.32,123.17 2 1
github.com/stellar/go/txnbuild/path_payment.go:126.3,126.39 1 1
github.com/stellar/go/txnbuild/path_payment.go:123.17,125.4 1 0
github.com/stellar/go/txnbuild/path_payment.go:134.54,136.16 2 9
github.com/stellar/go/txnbuild/path_payment.go:140.2,141.16 2 8
github.com/stellar/go/txnbuild/path_payment.go:145.2,146.16 2 7
github.com/stellar/go/txnbuild/path_payment.go:150.2,151.16 2 6
github.com/stellar/go/txnbuild/path_payment.go:155.2,156.16 2 5
github.com/stellar/go/txnbuild/path_payment.go:160.2,160.12 1 4
github.com/stellar/go/txnbuild/path_payment.go:136.16,138.3 1 1
github.com/stellar/go/txnbuild/path_payment.go:141.16,143.3 1 1
github.com/stellar/go/txnbuild/path_payment.go:146.16,148.3 1 1
github.com/stellar/go/txnbuild/path_payment.go:151.16,153.3 1 1
github.com/stellar/go/txnbuild/path_payment.go:156.16,158.3 1 1
github.com/stellar/go/txnbuild/path_payment.go:165.64,167.2 1 0
github.com/stellar/go/txnbuild/change_trust.go:25.55,30.2 1 2
github.com/stellar/go/txnbuild/change_trust.go:33.58,34.24 1 7
github.com/stellar/go/txnbuild/change_trust.go:37.2,38.16 2 7
github.com/stellar/go/txnbuild/change_trust.go:42.2,42.20 1 7
github.com/stellar/go/txnbuild/change_trust.go:46.2,47.16 2 7
github.com/stellar/go/txnbuild/change_trust.go:51.2,57.16 4 7
github.com/stellar/go/txnbuild/change_trust.go:60.2,62.16 3 7
github.com/stellar/go/txnbuild/change_trust.go:34.24,36.3 1 0
github.com/stellar/go/txnbuild/change_trust.go:38.16,40.3 1 0
github.com/stellar/go/txnbuild/change_trust.go:42.20,44.3 1 1
github.com/stellar/go/txnbuild/change_trust.go:47.16,49.3 1 0
github.com/stellar/go/txnbuild/change_trust.go:57.16,59.3 1 0
github.com/stellar/go/txnbuild/change_trust.go:66.59,68.9 2 2
github.com/stellar/go/txnbuild/change_trust.go:72.2,75.16 4 2
github.com/stellar/go/txnbuild/change_trust.go:78.2,79.12 2 2
github.com/stellar/go/txnbuild/change_trust.go:68.9,70.3 1 0
github.com/stellar/go/txnbuild/change_trust.go:75.16,77.3 1 0
github.com/stellar/go/txnbuild/change_trust.go:84.41,86.20 1 10
github.com/stellar/go/txnbuild/change_trust.go:93.2,94.16 2 9
github.com/stellar/go/txnbuild/change_trust.go:97.2,97.12 1 7
github.com/stellar/go/txnbuild/change_trust.go:86.20,88.17 2 8
github.com/stellar/go/txnbuild/change_trust.go:88.17,90.4 1 1
github.com/stellar/go/txnbuild/change_trust.go:94.16,96.3 1 2
github.com/stellar/go/txnbuild/change_trust.go:102.51,104.2 1 0
github.com/stellar/go/txnbuild/create_claimable_balance.go:33.78,34.22 1 6
github.com/stellar/go/txnbuild/create_claimable_balance.go:38.2,41.3 1 6
github.com/stellar/go/txnbuild/create_claimable_balance.go:34.22,36.3 1 0
github.com/stellar/go/txnbuild/create_claimable_balance.go:45.89,51.2 2 1
github.com/stellar/go/txnbuild/create_claimable_balance.go:54.88,60.2 2 1
github.com/stellar/go/txnbuild/create_claimable_balance.go:63.63,69.2 2 2
github.com/stellar/go/txnbuild/create_claimable_balance.go:76.73,82.2 2 3
github.com/stellar/go/txnbuild/create_claimable_balance.go:89.74,95.2 2 3
github.com/stellar/go/txnbuild/create_claimable_balance.go:98.69,100.16 2 3
github.com/stellar/go/txnbuild/create_claimable_balance.go:103.2,104.16 2 3
github.com/stellar/go/txnbuild/create_claimable_balance.go:108.2,110.36 2 3
github.com/stellar/go/txnbuild/create_claimable_balance.go:124.2,132.16 4 3
github.com/stellar/go/txnbuild/create_claimable_balance.go:135.2,137.16 3 3
github.com/stellar/go/txnbuild/create_claimable_balance.go:100.16,102.3 1 0
github.com/stellar/go/txnbuild/create_claimable_balance.go:104.16,106.3 1 0
github.com/stellar/go/txnbuild/create_claimable_balance.go:110.36,118.17 3 6
github.com/stellar/go/txnbuild/create_claimable_balance.go:121.3,121.35 1 6
github.com/stellar/go/txnbuild/create_claimable_balance.go:118.17,120.4 1 0
github.com/stellar/go/txnbuild/create_claimable_balance.go:132.16,134.3 1 0
github.com/stellar/go/txnbuild/create_claimable_balance.go:141.70,143.9 2 2
github.com/stellar/go/txnbuild/create_claimable_balance.go:147.2,148.37 2 2
github.com/stellar/go/txnbuild/create_claimable_balance.go:156.2,157.16 2 2
github.com/stellar/go/txnbuild/create_claimable_balance.go:160.2,163.12 3 2
github.com/stellar/go/txnbuild/create_claimable_balance.go:143.9,145.3 1 0
github.com/stellar/go/txnbuild/create_claimable_balance.go:148.37,154.3 2 4
github.com/stellar/go/txnbuild/create_claimable_balance.go:157.16,159.3 1 0
github.com/stellar/go/txnbuild/create_claimable_balance.go:168.52,169.36 1 3
github.com/stellar/go/txnbuild/create_claimable_balance.go:176.2,177.16 2 3
github.com/stellar/go/txnbuild/create_claimable_balance.go:181.2,182.16 2 3
github.com/stellar/go/txnbuild/create_claimable_balance.go:186.2,186.12 1 3
github.com/stellar/go/txnbuild/create_claimable_balance.go:169.36,171.17 2 6
github.com/stellar/go/txnbuild/create_claimable_balance.go:171.17,173.4 1 0
github.com/stellar/go/txnbuild/create_claimable_balance.go:177.16,179.3 1 0
github.com/stellar/go/txnbuild/create_claimable_balance.go:182.16,184.3 1 0
github.com/stellar/go/txnbuild/create_claimable_balance.go:191.62,193.2 1 0
github.com/stellar/go/txnbuild/manage_buy_offer.go:22.61,24.16 2 5
github.com/stellar/go/txnbuild/manage_buy_offer.go:28.2,29.16 2 5
github.com/stellar/go/txnbuild/manage_buy_offer.go:33.2,34.16 2 5
github.com/stellar/go/txnbuild/manage_buy_offer.go:38.2,38.48 1 5
github.com/stellar/go/txnbuild/manage_buy_offer.go:42.2,51.16 4 5
github.com/stellar/go/txnbuild/manage_buy_offer.go:55.2,57.16 3 5
github.com/stellar/go/txnbuild/manage_buy_offer.go:24.16,26.3 1 0
github.com/stellar/go/txnbuild/manage_buy_offer.go:29.16,31.3 1 0
github.com/stellar/go/txnbuild/manage_buy_offer.go:34.16,36.3 1 0
github.com/stellar/go/txnbuild/manage_buy_offer.go:38.48,40.3 1 0
github.com/stellar/go/txnbuild/manage_buy_offer.go:51.16,53.3 1 0
github.com/stellar/go/txnbuild/manage_buy_offer.go:61.62,63.9 2 3
github.com/stellar/go/txnbuild/manage_buy_offer.go:67.2,70.35 4 3
github.com/stellar/go/txnbuild/manage_buy_offer.go:74.2,75.16 2 3
github.com/stellar/go/txnbuild/manage_buy_offer.go:78.2,81.16 3 3
github.com/stellar/go/txnbuild/manage_buy_offer.go:84.2,85.12 2 3
github.com/stellar/go/txnbuild/manage_buy_offer.go:63.9,65.3 1 0
github.com/stellar/go/txnbuild/manage_buy_offer.go:70.35,73.3 2 3
github.com/stellar/go/txnbuild/manage_buy_offer.go:75.16,77.3 1 0
github.com/stellar/go/txnbuild/manage_buy_offer.go:81.16,83.3 1 0
github.com/stellar/go/txnbuild/manage_buy_offer.go:90.44,92.2 1 9
github.com/stellar/go/txnbuild/manage_buy_offer.go:96.54,98.2 1 0
github.com/stellar/go/txnbuild/payment.go:19.53,23.16 3 6
github.com/stellar/go/txnbuild/payment.go:27.2,28.16 2 6
github.com/stellar/go/txnbuild/payment.go:32.2,32.20 1 6
github.com/stellar/go/txnbuild/payment.go:35.2,36.16 2 6
github.com/stellar/go/txnbuild/payment.go:40.2,47.16 4 6
github.com/stellar/go/txnbuild/payment.go:50.2,52.16 3 6
github.com/stellar/go/txnbuild/payment.go:23.16,25.3 1 0
github.com/stellar/go/txnbuild/payment.go:28.16,30.3 1 0
github.com/stellar/go/txnbuild/payment.go:32.20,34.3 1 0
github.com/stellar/go/txnbuild/payment.go:36.16,38.3 1 0
github.com/stellar/go/txnbuild/payment.go:47.16,49.3 1 0
github.com/stellar/go/txnbuild/payment.go:56.54,58.9 2 3
github.com/stellar/go/txnbuild/payment.go:62.2,68.16 6 3
github.com/stellar/go/txnbuild/payment.go:71.2,73.12 2 3
github.com/stellar/go/txnbuild/payment.go:58.9,60.3 1 0
github.com/stellar/go/txnbuild/payment.go:68.16,70.3 1 0
github.com/stellar/go/txnbuild/payment.go:78.36,80.16 2 10
github.com/stellar/go/txnbuild/payment.go:84.2,85.16 2 9
github.com/stellar/go/txnbuild/payment.go:89.2,90.16 2 7
github.com/stellar/go/txnbuild/payment.go:94.2,94.12 1 6
github.com/stellar/go/txnbuild/payment.go:80.16,82.3 1 1
github.com/stellar/go/txnbuild/payment.go:85.16,87.3 1 2
github.com/stellar/go/txnbuild/payment.go:90.16,92.3 1 1
github.com/stellar/go/txnbuild/payment.go:99.46,101.2 1 0
